ERROR [24-08-15 00:00:47] - 'userLocations' Data is NULL or Empty -> continue
ERROR [24-08-15 00:16:49] - 'userLocations' Data is NULL or Empty -> continue
ERROR [24-08-15 00:16:50] - 'userLocations' Data is NULL or Empty -> continue
ERROR [24-08-15 00:33:17] - 'userLocations' Data is NULL or Empty -> continue
ERROR [24-08-15 00:33:20] - 'userLocations' Data is NULL or Empty -> continue
ERROR [24-08-15 00:50:02] - 'userLocations' Data is NULL or Empty -> continue
ERROR [24-08-15 00:50:05] - 'userLocations' Data is NULL or Empty -> continue
ERROR [24-08-15 01:06:37] - 'userLocations' Data is NULL or Empty -> continue
ERROR [24-08-15 01:06:40] - 'userLocations' Data is NULL or Empty -> continue
ERROR [24-08-15 01:23:44] - 'userLocations' Data is NULL or Empty -> continue
ERROR [24-08-15 01:23:45] - 'userLocations' Data is NULL or Empty -> continue
ERROR [24-08-15 01:39:26] - 'userLocations' Data is NULL or Empty -> continue
ERROR [24-08-15 01:56:03] - 'userLocations' Data is NULL or Empty -> continue
ERROR [24-08-15 01:56:05] - 'userLocations' Data is NULL or Empty -> continue
ERROR [24-08-15 02:11:54] - 'userLocations' Data is NULL or Empty -> continue
ERROR [24-08-15 02:11:55] - 'userLocations' Data is NULL or Empty -> continue
ERROR [24-08-15 02:28:24] - 'userLocations' Data is NULL or Empty -> continue
ERROR [24-08-15 02:28:25] - 'userLocations' Data is NULL or Empty -> continue
ERROR [24-08-15 02:44:39] - 'userLocations' Data is NULL or Empty -> continue
ERROR [24-08-15 02:44:40] - 'userLocations' Data is NULL or Empty -> continue
ERROR [24-08-15 03:01:53] - 'userLocations' Data is NULL or Empty -> continue
ERROR [24-08-15 03:01:55] - 'userLocations' Data is NULL or Empty -> continue
ERROR [24-08-15 03:19:19] - 'userLocations' Data is NULL or Empty -> continue
ERROR [24-08-15 03:19:20] - 'userLocations' Data is NULL or Empty -> continue
ERROR [24-08-15 03:35:14] - 'userLocations' Data is NULL or Empty -> continue
ERROR [24-08-15 03:35:15] - 'userLocations' Data is NULL or Empty -> continue
ERROR [24-08-15 03:53:08] - 'userLocations' Data is NULL or Empty -> continue
ERROR [24-08-15 03:53:10] - 'userLocations' Data is NULL or Empty -> continue
ERROR [24-08-15 03:57:32] - 'userLocations' Data is NULL or Empty -> continue
ERROR [24-08-15 03:57:35] - 'userLocations' Data is NULL or Empty -> continue
ERROR [24-08-15 03:57:40] - 'userLocations' Data is NULL or Empty -> continue
ERROR [24-08-15 03:57:45] - 'userLocations' Data is NULL or Empty -> continue
ERROR [24-08-15 03:57:50] - 'userLocations' Data is NULL or Empty -> continue
ERROR [24-08-15 03:57:55] - 'userLocations' Data is NULL or Empty -> continue
ERROR [24-08-15 03:58:00] - 'userLocations' Data is NULL or Empty -> continue
ERROR [24-08-15 03:58:05] - 'userLocations' Data is NULL or Empty -> continue
ERROR [24-08-15 03:58:10] - 'userLocations' Data is NULL or Empty -> continue
ERROR [24-08-15 03:58:15] - 'userLocations' Data is NULL or Empty -> continue
ERROR [24-08-15 04:15:38] - 'userLocations' Data is NULL or Empty -> continue
ERROR [24-08-15 04:15:40] - 'userLocations' Data is NULL or Empty -> continue
ERROR [24-08-15 04:32:32] - 'userLocations' Data is NULL or Empty -> continue
ERROR [24-08-15 04:47:34] - 'userLocations' Data is NULL or Empty -> continue
ERROR [24-08-15 04:47:34] - 'userLocations' Data is NULL or Empty -> continue
ERROR [24-08-15 05:05:18] - 'userLocations' Data is NULL or Empty -> continue
ERROR [24-08-15 05:05:20] - 'userLocations' Data is NULL or Empty -> continue
ERROR [24-08-15 05:21:53] - 'userLocations' Data is NULL or Empty -> continue
ERROR [24-08-15 05:21:55] - 'userLocations' Data is NULL or Empty -> continue
ERROR [24-08-15 05:38:43] - 'userLocations' Data is NULL or Empty -> continue
ERROR [24-08-15 05:38:45] - 'userLocations' Data is NULL or Empty -> continue
ERROR [24-08-15 05:56:43] - 'userLocations' Data is NULL or Empty -> continue
ERROR [24-08-15 05:56:45] - 'userLocations' Data is NULL or Empty -> continue
ERROR [24-08-15 06:05:27] - 'userLocations' Data is NULL or Empty -> continue
ERROR [24-08-15 06:05:30] - 'userLocations' Data is NULL or Empty -> continue
ERROR [24-08-15 06:05:35] - 'userLocations' Data is NULL or Empty -> continue
ERROR [24-08-15 06:05:40] - 'userLocations' Data is NULL or Empty -> continue
ERROR [24-08-15 06:05:45] - 'userLocations' Data is NULL or Empty -> continue
ERROR [24-08-15 06:05:50] - 'userLocations' Data is NULL or Empty -> continue
ERROR [24-08-15 06:05:55] - 'userLocations' Data is NULL or Empty -> continue
ERROR [24-08-15 06:06:00] - 'userLocations' Data is NULL or Empty -> continue
ERROR [24-08-15 06:06:05] - 'userLocations' Data is NULL or Empty -> continue
ERROR [24-08-15 06:06:10] - 'userLocations' Data is NULL or Empty -> continue
ERROR [24-08-15 06:22:22] - 'userLocations' Data is NULL or Empty -> continue
ERROR [24-08-15 06:22:25] - 'userLocations' Data is NULL or Empty -> continue
ERROR [24-08-15 06:38:58] - 'userLocations' Data is NULL or Empty -> continue
ERROR [24-08-15 06:39:00] - 'userLocations' Data is NULL or Empty -> continue
ERROR [24-08-15 06:54:02] - 'userLocations' Data is NULL or Empty -> continue
ERROR [24-08-15 06:54:05] - 'userLocations' Data is NULL or Empty -> continue
ERROR [24-08-15 07:10:27] - 'userLocations' Data is NULL or Empty -> continue
ERROR [24-08-15 07:26:29] - 'userLocations' Data is NULL or Empty -> continue
ERROR [24-08-15 07:26:30] - 'userLocations' Data is NULL or Empty -> continue
ERROR [24-08-15 07:44:10] - 'userLocations' Data is NULL or Empty -> continue
ERROR [24-08-15 07:44:15] - 'userLocations' Data is NULL or Empty -> continue
ERROR [24-08-15 08:00:40] - 'userLocations' Data is NULL or Empty -> continue
ERROR [24-08-15 08:17:46] - 'userLocations' Data is NULL or Empty -> continue
ERROR [24-08-15 08:35:45] - 'userLocations' Data is NULL or Empty -> continue
ERROR [24-08-15 08:35:50] - 'userLocations' Data is NULL or Empty -> continue
ERROR [24-08-15 08:53:16] - 'userLocations' Data is NULL or Empty -> continue
ERROR [24-08-15 09:10:00] - 'userLocations' Data is NULL or Empty -> continue
ERROR [24-08-15 09:25:30] - 'userLocations' Data is NULL or Empty -> continue
ERROR [24-08-15 09:43:13] - 'userLocations' Data is NULL or Empty -> continue
ERROR [24-08-15 09:43:15] - I/O error on POST request for "http://ewp.nineone.com:9988/newlistuserpoi": Connection reset
ERROR [24-08-15 09:43:15] - API response is NULL.  -> continue
ERROR [24-08-15 09:43:15] - Unexpected error occurred in scheduled task
java.lang.NullPointerException: Cannot invoke "org.springframework.http.ResponseEntity.getBody()" because "responseEntity" is null
	at kr.co.nextcore.taglocationandgwcollector.location.LocationService.requestAPIbySector(LocationService.java:67)
	at kr.co.nextcore.taglocationandgwcollector.location.LocationService.locationDataProcess(LocationService.java:41)
	at kr.co.nextcore.taglocationandgwcollector.scheduler.APIScheduler.collectLocationData(APIScheduler.java:38)
	at jdk.internal.reflect.GeneratedMethodAccessor9.invoke(Unknown Source)
	at java.base/jdk.internal.reflect.DelegatingMethodAccessorImpl.invoke(DelegatingMethodAccessorImpl.java:43)
	at java.base/java.lang.reflect.Method.invoke(Method.java:568)
	at org.springframework.scheduling.support.ScheduledMethodRunnable.runInternal(ScheduledMethodRunnable.java:130)
	at org.springframework.scheduling.support.ScheduledMethodRunnable.lambda$run$2(ScheduledMethodRunnable.java:124)
	at io.micrometer.observation.Observation.observe(Observation.java:499)
	at org.springframework.scheduling.support.ScheduledMethodRunnable.run(ScheduledMethodRunnable.java:124)
	at org.springframework.scheduling.support.DelegatingErrorHandlingRunnable.run(DelegatingErrorHandlingRunnable.java:54)
	at org.springframework.scheduling.concurrent.ReschedulingRunnable.run(ReschedulingRunnable.java:96)
	at java.base/java.util.concurrent.Executors$RunnableAdapter.call(Executors.java:539)
	at java.base/java.util.concurrent.FutureTask.run(FutureTask.java:264)
	at java.base/java.util.concurrent.ScheduledThreadPoolExecutor$ScheduledFutureTask.run(ScheduledThreadPoolExecutor.java:304)
	at java.base/java.util.concurrent.ThreadPoolExecutor.runWorker(ThreadPoolExecutor.java:1136)
	at java.base/java.util.concurrent.ThreadPoolExecutor$Worker.run(ThreadPoolExecutor.java:635)
	at java.base/java.lang.Thread.run(Thread.java:840)
ERROR [24-08-15 09:59:13] - 'userLocations' Data is NULL or Empty -> continue
ERROR [24-08-15 09:59:15] - 'userLocations' Data is NULL or Empty -> continue
ERROR [24-08-15 10:14:42] - 'userLocations' Data is NULL or Empty -> continue
ERROR [24-08-15 10:14:45] - 'userLocations' Data is NULL or Empty -> continue
ERROR [24-08-15 10:30:10] - 'userLocations' Data is NULL or Empty -> continue
ERROR [24-08-15 10:47:15] - 'userLocations' Data is NULL or Empty -> continue
ERROR [24-08-15 10:47:20] - 'userLocations' Data is NULL or Empty -> continue
ERROR [24-08-15 11:02:48] - 'userLocations' Data is NULL or Empty -> continue
ERROR [24-08-15 11:02:50] - 'userLocations' Data is NULL or Empty -> continue
ERROR [24-08-15 11:17:55] - 'userLocations' Data is NULL or Empty -> continue
ERROR [24-08-15 11:33:52] - 'userLocations' Data is NULL or Empty -> continue
ERROR [24-08-15 11:33:55] - 'userLocations' Data is NULL or Empty -> continue
ERROR [24-08-15 11:50:19] - 'userLocations' Data is NULL or Empty -> continue
ERROR [24-08-15 11:50:20] - 'userLocations' Data is NULL or Empty -> continue
ERROR [24-08-15 12:06:57] - 'userLocations' Data is NULL or Empty -> continue
ERROR [24-08-15 12:07:00] - 'userLocations' Data is NULL or Empty -> continue
ERROR [24-08-15 12:23:14] - 'userLocations' Data is NULL or Empty -> continue
ERROR [24-08-15 12:23:15] - 'userLocations' Data is NULL or Empty -> continue
ERROR [24-08-15 13:02:15] - I/O error on POST request for "http://ewp.nineone.com:9988/newlistuserpoi": Operation timed out
ERROR [24-08-15 13:02:15] - API response is NULL.  -> continue
ERROR [24-08-15 13:02:15] - Unexpected error occurred in scheduled task
java.lang.NullPointerException: Cannot invoke "org.springframework.http.ResponseEntity.getBody()" because "responseEntity" is null
	at kr.co.nextcore.taglocationandgwcollector.location.LocationService.requestAPIbySector(LocationService.java:67)
	at kr.co.nextcore.taglocationandgwcollector.location.LocationService.locationDataProcess(LocationService.java:41)
	at kr.co.nextcore.taglocationandgwcollector.scheduler.APIScheduler.collectLocationData(APIScheduler.java:38)
	at jdk.internal.reflect.GeneratedMethodAccessor9.invoke(Unknown Source)
	at java.base/jdk.internal.reflect.DelegatingMethodAccessorImpl.invoke(DelegatingMethodAccessorImpl.java:43)
	at java.base/java.lang.reflect.Method.invoke(Method.java:568)
	at org.springframework.scheduling.support.ScheduledMethodRunnable.runInternal(ScheduledMethodRunnable.java:130)
	at org.springframework.scheduling.support.ScheduledMethodRunnable.lambda$run$2(ScheduledMethodRunnable.java:124)
	at io.micrometer.observation.Observation.observe(Observation.java:499)
	at org.springframework.scheduling.support.ScheduledMethodRunnable.run(ScheduledMethodRunnable.java:124)
	at org.springframework.scheduling.support.DelegatingErrorHandlingRunnable.run(DelegatingErrorHandlingRunnable.java:54)
	at org.springframework.scheduling.concurrent.ReschedulingRunnable.run(ReschedulingRunnable.java:96)
	at java.base/java.util.concurrent.Executors$RunnableAdapter.call(Executors.java:539)
	at java.base/java.util.concurrent.FutureTask.run(FutureTask.java:264)
	at java.base/java.util.concurrent.ScheduledThreadPoolExecutor$ScheduledFutureTask.run(ScheduledThreadPoolExecutor.java:304)
	at java.base/java.util.concurrent.ThreadPoolExecutor.runWorker(ThreadPoolExecutor.java:1136)
	at java.base/java.util.concurrent.ThreadPoolExecutor$Worker.run(ThreadPoolExecutor.java:635)
	at java.base/java.lang.Thread.run(Thread.java:840)
ERROR [24-08-15 13:04:12] - I/O error on POST request for "http://ewp.nineone.com:9988/newlistuserpoi": ewp.nineone.com
ERROR [24-08-15 13:04:12] - API response is NULL.  -> continue
ERROR [24-08-15 13:04:12] - Unexpected error occurred in scheduled task
java.lang.NullPointerException: Cannot invoke "org.springframework.http.ResponseEntity.getBody()" because "responseEntity" is null
	at kr.co.nextcore.taglocationandgwcollector.location.LocationService.requestAPIbySector(LocationService.java:67)
	at kr.co.nextcore.taglocationandgwcollector.location.LocationService.locationDataProcess(LocationService.java:41)
	at kr.co.nextcore.taglocationandgwcollector.scheduler.APIScheduler.collectLocationData(APIScheduler.java:38)
	at jdk.internal.reflect.GeneratedMethodAccessor9.invoke(Unknown Source)
	at java.base/jdk.internal.reflect.DelegatingMethodAccessorImpl.invoke(DelegatingMethodAccessorImpl.java:43)
	at java.base/java.lang.reflect.Method.invoke(Method.java:568)
	at org.springframework.scheduling.support.ScheduledMethodRunnable.runInternal(ScheduledMethodRunnable.java:130)
	at org.springframework.scheduling.support.ScheduledMethodRunnable.lambda$run$2(ScheduledMethodRunnable.java:124)
	at io.micrometer.observation.Observation.observe(Observation.java:499)
	at org.springframework.scheduling.support.ScheduledMethodRunnable.run(ScheduledMethodRunnable.java:124)
	at org.springframework.scheduling.support.DelegatingErrorHandlingRunnable.run(DelegatingErrorHandlingRunnable.java:54)
	at org.springframework.scheduling.concurrent.ReschedulingRunnable.run(ReschedulingRunnable.java:96)
	at java.base/java.util.concurrent.Executors$RunnableAdapter.call(Executors.java:539)
	at java.base/java.util.concurrent.FutureTask.run(FutureTask.java:264)
	at java.base/java.util.concurrent.ScheduledThreadPoolExecutor$ScheduledFutureTask.run(ScheduledThreadPoolExecutor.java:304)
	at java.base/java.util.concurrent.ThreadPoolExecutor.runWorker(ThreadPoolExecutor.java:1136)
	at java.base/java.util.concurrent.ThreadPoolExecutor$Worker.run(ThreadPoolExecutor.java:635)
	at java.base/java.lang.Thread.run(Thread.java:840)
ERROR [24-08-15 13:04:15] - I/O error on POST request for "http://ewp.nineone.com:9988/newlistuserpoi": ewp.nineone.com
ERROR [24-08-15 13:04:15] - API response is NULL.  -> continue
ERROR [24-08-15 13:04:15] - Unexpected error occurred in scheduled task
java.lang.NullPointerException: Cannot invoke "org.springframework.http.ResponseEntity.getBody()" because "responseEntity" is null
	at kr.co.nextcore.taglocationandgwcollector.location.LocationService.requestAPIbySector(LocationService.java:67)
	at kr.co.nextcore.taglocationandgwcollector.location.LocationService.locationDataProcess(LocationService.java:41)
	at kr.co.nextcore.taglocationandgwcollector.scheduler.APIScheduler.collectLocationData(APIScheduler.java:38)
	at jdk.internal.reflect.GeneratedMethodAccessor9.invoke(Unknown Source)
	at java.base/jdk.internal.reflect.DelegatingMethodAccessorImpl.invoke(DelegatingMethodAccessorImpl.java:43)
	at java.base/java.lang.reflect.Method.invoke(Method.java:568)
	at org.springframework.scheduling.support.ScheduledMethodRunnable.runInternal(ScheduledMethodRunnable.java:130)
	at org.springframework.scheduling.support.ScheduledMethodRunnable.lambda$run$2(ScheduledMethodRunnable.java:124)
	at io.micrometer.observation.Observation.observe(Observation.java:499)
	at org.springframework.scheduling.support.ScheduledMethodRunnable.run(ScheduledMethodRunnable.java:124)
	at org.springframework.scheduling.support.DelegatingErrorHandlingRunnable.run(DelegatingErrorHandlingRunnable.java:54)
	at org.springframework.scheduling.concurrent.ReschedulingRunnable.run(ReschedulingRunnable.java:96)
	at java.base/java.util.concurrent.Executors$RunnableAdapter.call(Executors.java:539)
	at java.base/java.util.concurrent.FutureTask.run(FutureTask.java:264)
	at java.base/java.util.concurrent.ScheduledThreadPoolExecutor$ScheduledFutureTask.run(ScheduledThreadPoolExecutor.java:304)
	at java.base/java.util.concurrent.ThreadPoolExecutor.runWorker(ThreadPoolExecutor.java:1136)
	at java.base/java.util.concurrent.ThreadPoolExecutor$Worker.run(ThreadPoolExecutor.java:635)
	at java.base/java.lang.Thread.run(Thread.java:840)
ERROR [24-08-15 13:04:20] - I/O error on POST request for "http://ewp.nineone.com:9988/newlistuserpoi": ewp.nineone.com
ERROR [24-08-15 13:04:20] - API response is NULL.  -> continue
ERROR [24-08-15 13:04:20] - Unexpected error occurred in scheduled task
java.lang.NullPointerException: Cannot invoke "org.springframework.http.ResponseEntity.getBody()" because "responseEntity" is null
	at kr.co.nextcore.taglocationandgwcollector.location.LocationService.requestAPIbySector(LocationService.java:67)
	at kr.co.nextcore.taglocationandgwcollector.location.LocationService.locationDataProcess(LocationService.java:41)
	at kr.co.nextcore.taglocationandgwcollector.scheduler.APIScheduler.collectLocationData(APIScheduler.java:38)
	at jdk.internal.reflect.GeneratedMethodAccessor9.invoke(Unknown Source)
	at java.base/jdk.internal.reflect.DelegatingMethodAccessorImpl.invoke(DelegatingMethodAccessorImpl.java:43)
	at java.base/java.lang.reflect.Method.invoke(Method.java:568)
	at org.springframework.scheduling.support.ScheduledMethodRunnable.runInternal(ScheduledMethodRunnable.java:130)
	at org.springframework.scheduling.support.ScheduledMethodRunnable.lambda$run$2(ScheduledMethodRunnable.java:124)
	at io.micrometer.observation.Observation.observe(Observation.java:499)
	at org.springframework.scheduling.support.ScheduledMethodRunnable.run(ScheduledMethodRunnable.java:124)
	at org.springframework.scheduling.support.DelegatingErrorHandlingRunnable.run(DelegatingErrorHandlingRunnable.java:54)
	at org.springframework.scheduling.concurrent.ReschedulingRunnable.run(ReschedulingRunnable.java:96)
	at java.base/java.util.concurrent.Executors$RunnableAdapter.call(Executors.java:539)
	at java.base/java.util.concurrent.FutureTask.run(FutureTask.java:264)
	at java.base/java.util.concurrent.ScheduledThreadPoolExecutor$ScheduledFutureTask.run(ScheduledThreadPoolExecutor.java:304)
	at java.base/java.util.concurrent.ThreadPoolExecutor.runWorker(ThreadPoolExecutor.java:1136)
	at java.base/java.util.concurrent.ThreadPoolExecutor$Worker.run(ThreadPoolExecutor.java:635)
	at java.base/java.lang.Thread.run(Thread.java:840)
ERROR [24-08-15 13:04:25] - 'userLocations' Data is NULL or Empty -> continue
ERROR [24-08-15 13:04:30] - 'userLocations' Data is NULL or Empty -> continue
ERROR [24-08-15 13:04:35] - 'userLocations' Data is NULL or Empty -> continue
ERROR [24-08-15 13:04:40] - 'userLocations' Data is NULL or Empty -> continue
ERROR [24-08-15 13:04:45] - 'userLocations' Data is NULL or Empty -> continue
ERROR [24-08-15 13:04:50] - 'userLocations' Data is NULL or Empty -> continue
ERROR [24-08-15 13:04:55] - 'userLocations' Data is NULL or Empty -> continue
ERROR [24-08-15 13:05:00] - 'userLocations' Data is NULL or Empty -> continue
ERROR [24-08-15 13:05:05] - 'userLocations' Data is NULL or Empty -> continue
ERROR [24-08-15 13:05:10] - 'userLocations' Data is NULL or Empty -> continue
ERROR [24-08-15 13:05:15] - 'userLocations' Data is NULL or Empty -> continue
ERROR [24-08-15 13:05:20] - 'userLocations' Data is NULL or Empty -> continue
ERROR [24-08-15 13:05:25] - 'userLocations' Data is NULL or Empty -> continue
ERROR [24-08-15 13:05:30] - 'userLocations' Data is NULL or Empty -> continue
ERROR [24-08-15 13:05:35] - 'userLocations' Data is NULL or Empty -> continue
ERROR [24-08-15 13:05:40] - 'userLocations' Data is NULL or Empty -> continue
ERROR [24-08-15 13:05:45] - 'userLocations' Data is NULL or Empty -> continue
ERROR [24-08-15 13:05:50] - 'userLocations' Data is NULL or Empty -> continue
ERROR [24-08-15 13:05:55] - 'userLocations' Data is NULL or Empty -> continue
ERROR [24-08-15 13:06:00] - 'userLocations' Data is NULL or Empty -> continue
ERROR [24-08-15 13:06:05] - 'userLocations' Data is NULL or Empty -> continue
ERROR [24-08-15 13:06:10] - 'userLocations' Data is NULL or Empty -> continue
ERROR [24-08-15 13:06:15] - 'userLocations' Data is NULL or Empty -> continue
ERROR [24-08-15 13:06:20] - 'userLocations' Data is NULL or Empty -> continue
ERROR [24-08-15 13:06:25] - 'userLocations' Data is NULL or Empty -> continue
ERROR [24-08-15 13:06:30] - 'userLocations' Data is NULL or Empty -> continue
ERROR [24-08-15 13:06:35] - 'userLocations' Data is NULL or Empty -> continue
ERROR [24-08-15 13:06:40] - 'userLocations' Data is NULL or Empty -> continue
ERROR [24-08-15 13:06:45] - 'userLocations' Data is NULL or Empty -> continue
ERROR [24-08-15 13:06:50] - 'userLocations' Data is NULL or Empty -> continue
ERROR [24-08-15 13:06:55] - 'userLocations' Data is NULL or Empty -> continue
ERROR [24-08-15 13:07:00] - 'userLocations' Data is NULL or Empty -> continue
ERROR [24-08-15 13:07:05] - 'userLocations' Data is NULL or Empty -> continue
ERROR [24-08-15 13:07:10] - 'userLocations' Data is NULL or Empty -> continue
ERROR [24-08-15 13:07:15] - 'userLocations' Data is NULL or Empty -> continue
ERROR [24-08-15 13:07:20] - 'userLocations' Data is NULL or Empty -> continue
ERROR [24-08-15 13:07:25] - 'userLocations' Data is NULL or Empty -> continue
ERROR [24-08-15 13:07:30] - 'userLocations' Data is NULL or Empty -> continue
ERROR [24-08-15 13:07:35] - 'userLocations' Data is NULL or Empty -> continue
ERROR [24-08-15 13:07:40] - 'userLocations' Data is NULL or Empty -> continue
ERROR [24-08-15 13:07:45] - 'userLocations' Data is NULL or Empty -> continue
ERROR [24-08-15 13:07:50] - 'userLocations' Data is NULL or Empty -> continue
ERROR [24-08-15 13:07:55] - 'userLocations' Data is NULL or Empty -> continue
ERROR [24-08-15 13:08:00] - 'userLocations' Data is NULL or Empty -> continue
ERROR [24-08-15 13:08:05] - 'userLocations' Data is NULL or Empty -> continue
ERROR [24-08-15 13:08:10] - 'userLocations' Data is NULL or Empty -> continue
ERROR [24-08-15 13:08:15] - 'userLocations' Data is NULL or Empty -> continue
ERROR [24-08-15 13:08:20] - 'userLocations' Data is NULL or Empty -> continue
ERROR [24-08-15 13:08:25] - 'userLocations' Data is NULL or Empty -> continue
ERROR [24-08-15 13:08:30] - 'userLocations' Data is NULL or Empty -> continue
ERROR [24-08-15 13:08:35] - 'userLocations' Data is NULL or Empty -> continue
ERROR [24-08-15 13:08:40] - 'userLocations' Data is NULL or Empty -> continue
ERROR [24-08-15 13:08:45] - 'userLocations' Data is NULL or Empty -> continue
ERROR [24-08-15 13:08:50] - 'userLocations' Data is NULL or Empty -> continue
ERROR [24-08-15 13:08:55] - 'userLocations' Data is NULL or Empty -> continue
ERROR [24-08-15 13:09:00] - 'userLocations' Data is NULL or Empty -> continue
ERROR [24-08-15 13:09:05] - 'userLocations' Data is NULL or Empty -> continue
ERROR [24-08-15 13:09:10] - 'userLocations' Data is NULL or Empty -> continue
ERROR [24-08-15 13:09:15] - 'userLocations' Data is NULL or Empty -> continue
ERROR [24-08-15 13:09:20] - 'userLocations' Data is NULL or Empty -> continue
ERROR [24-08-15 13:09:25] - 'userLocations' Data is NULL or Empty -> continue
ERROR [24-08-15 13:09:30] - 'userLocations' Data is NULL or Empty -> continue
ERROR [24-08-15 13:09:35] - 'userLocations' Data is NULL or Empty -> continue
ERROR [24-08-15 13:09:40] - 'userLocations' Data is NULL or Empty -> continue
ERROR [24-08-15 13:09:45] - 'userLocations' Data is NULL or Empty -> continue
ERROR [24-08-15 13:09:50] - 'userLocations' Data is NULL or Empty -> continue
ERROR [24-08-15 13:09:55] - 'userLocations' Data is NULL or Empty -> continue
ERROR [24-08-15 13:10:00] - 'userLocations' Data is NULL or Empty -> continue
ERROR [24-08-15 13:10:05] - 'userLocations' Data is NULL or Empty -> continue
ERROR [24-08-15 13:10:10] - 'userLocations' Data is NULL or Empty -> continue
ERROR [24-08-15 13:10:15] - 'userLocations' Data is NULL or Empty -> continue
ERROR [24-08-15 13:10:20] - 'userLocations' Data is NULL or Empty -> continue
ERROR [24-08-15 13:10:25] - 'userLocations' Data is NULL or Empty -> continue
ERROR [24-08-15 13:10:30] - 'userLocations' Data is NULL or Empty -> continue
ERROR [24-08-15 13:10:35] - 'userLocations' Data is NULL or Empty -> continue
ERROR [24-08-15 13:10:40] - 'userLocations' Data is NULL or Empty -> continue
ERROR [24-08-15 13:10:45] - 'userLocations' Data is NULL or Empty -> continue
ERROR [24-08-15 13:10:50] - 'userLocations' Data is NULL or Empty -> continue
ERROR [24-08-15 13:10:55] - 'userLocations' Data is NULL or Empty -> continue
ERROR [24-08-15 13:11:00] - 'userLocations' Data is NULL or Empty -> continue
ERROR [24-08-15 13:11:05] - 'userLocations' Data is NULL or Empty -> continue
ERROR [24-08-15 13:11:10] - 'userLocations' Data is NULL or Empty -> continue
ERROR [24-08-15 13:11:15] - 'userLocations' Data is NULL or Empty -> continue
ERROR [24-08-15 13:11:20] - 'userLocations' Data is NULL or Empty -> continue
ERROR [24-08-15 13:11:25] - 'userLocations' Data is NULL or Empty -> continue
ERROR [24-08-15 13:11:30] - 'userLocations' Data is NULL or Empty -> continue
ERROR [24-08-15 13:11:35] - 'userLocations' Data is NULL or Empty -> continue
ERROR [24-08-15 13:11:40] - 'userLocations' Data is NULL or Empty -> continue
ERROR [24-08-15 13:11:45] - 'userLocations' Data is NULL or Empty -> continue
ERROR [24-08-15 13:11:50] - 'userLocations' Data is NULL or Empty -> continue
ERROR [24-08-15 13:11:55] - 'userLocations' Data is NULL or Empty -> continue
ERROR [24-08-15 13:12:00] - 'userLocations' Data is NULL or Empty -> continue
ERROR [24-08-15 13:12:05] - 'userLocations' Data is NULL or Empty -> continue
ERROR [24-08-15 13:12:10] - 'userLocations' Data is NULL or Empty -> continue
ERROR [24-08-15 13:12:15] - 'userLocations' Data is NULL or Empty -> continue
ERROR [24-08-15 13:12:20] - 'userLocations' Data is NULL or Empty -> continue
ERROR [24-08-15 13:12:25] - 'userLocations' Data is NULL or Empty -> continue
ERROR [24-08-15 13:12:30] - 'userLocations' Data is NULL or Empty -> continue
ERROR [24-08-15 13:12:35] - 'userLocations' Data is NULL or Empty -> continue
ERROR [24-08-15 13:12:40] - 'userLocations' Data is NULL or Empty -> continue
ERROR [24-08-15 13:12:45] - 'userLocations' Data is NULL or Empty -> continue
ERROR [24-08-15 13:12:50] - 'userLocations' Data is NULL or Empty -> continue
ERROR [24-08-15 13:12:55] - 'userLocations' Data is NULL or Empty -> continue
ERROR [24-08-15 13:13:00] - 'userLocations' Data is NULL or Empty -> continue
ERROR [24-08-15 13:13:05] - 'userLocations' Data is NULL or Empty -> continue
ERROR [24-08-15 13:13:10] - 'userLocations' Data is NULL or Empty -> continue
ERROR [24-08-15 13:13:15] - 'userLocations' Data is NULL or Empty -> continue
ERROR [24-08-15 13:13:20] - 'userLocations' Data is NULL or Empty -> continue
ERROR [24-08-15 13:13:25] - 'userLocations' Data is NULL or Empty -> continue
ERROR [24-08-15 13:13:30] - 'userLocations' Data is NULL or Empty -> continue
ERROR [24-08-15 13:13:35] - 'userLocations' Data is NULL or Empty -> continue
ERROR [24-08-15 13:13:40] - 'userLocations' Data is NULL or Empty -> continue
ERROR [24-08-15 13:13:45] - 'userLocations' Data is NULL or Empty -> continue
ERROR [24-08-15 13:13:50] - 'userLocations' Data is NULL or Empty -> continue
ERROR [24-08-15 13:13:55] - 'userLocations' Data is NULL or Empty -> continue
ERROR [24-08-15 13:14:00] - 'userLocations' Data is NULL or Empty -> continue
ERROR [24-08-15 13:14:05] - 'userLocations' Data is NULL or Empty -> continue
ERROR [24-08-15 13:14:10] - 'userLocations' Data is NULL or Empty -> continue
ERROR [24-08-15 13:14:15] - 'userLocations' Data is NULL or Empty -> continue
ERROR [24-08-15 13:14:20] - 'userLocations' Data is NULL or Empty -> continue
ERROR [24-08-15 13:14:25] - 'userLocations' Data is NULL or Empty -> continue
ERROR [24-08-15 13:14:30] - 'userLocations' Data is NULL or Empty -> continue
ERROR [24-08-15 13:14:35] - 'userLocations' Data is NULL or Empty -> continue
ERROR [24-08-15 13:14:40] - 'userLocations' Data is NULL or Empty -> continue
ERROR [24-08-15 13:14:45] - 'userLocations' Data is NULL or Empty -> continue
ERROR [24-08-15 13:14:50] - 'userLocations' Data is NULL or Empty -> continue
ERROR [24-08-15 13:14:55] - 'userLocations' Data is NULL or Empty -> continue
ERROR [24-08-15 13:15:00] - 'userLocations' Data is NULL or Empty -> continue
ERROR [24-08-15 13:15:05] - 'userLocations' Data is NULL or Empty -> continue
ERROR [24-08-15 13:15:10] - 'userLocations' Data is NULL or Empty -> continue
ERROR [24-08-15 13:15:15] - 'userLocations' Data is NULL or Empty -> continue
ERROR [24-08-15 13:15:20] - 'userLocations' Data is NULL or Empty -> continue
ERROR [24-08-15 13:15:25] - 'userLocations' Data is NULL or Empty -> continue
ERROR [24-08-15 13:15:30] - 'userLocations' Data is NULL or Empty -> continue
ERROR [24-08-15 13:15:35] - 'userLocations' Data is NULL or Empty -> continue
ERROR [24-08-15 13:15:40] - 'userLocations' Data is NULL or Empty -> continue
ERROR [24-08-15 13:15:45] - 'userLocations' Data is NULL or Empty -> continue
ERROR [24-08-15 13:15:50] - 'userLocations' Data is NULL or Empty -> continue
ERROR [24-08-15 13:15:55] - 'userLocations' Data is NULL or Empty -> continue
ERROR [24-08-15 13:16:00] - 'userLocations' Data is NULL or Empty -> continue
ERROR [24-08-15 13:16:05] - 'userLocations' Data is NULL or Empty -> continue
ERROR [24-08-15 13:16:10] - 'userLocations' Data is NULL or Empty -> continue
ERROR [24-08-15 13:16:15] - 'userLocations' Data is NULL or Empty -> continue
ERROR [24-08-15 13:16:20] - 'userLocations' Data is NULL or Empty -> continue
ERROR [24-08-15 13:16:25] - 'userLocations' Data is NULL or Empty -> continue
ERROR [24-08-15 13:16:30] - 'userLocations' Data is NULL or Empty -> continue
ERROR [24-08-15 13:16:35] - 'userLocations' Data is NULL or Empty -> continue
ERROR [24-08-15 13:16:40] - 'userLocations' Data is NULL or Empty -> continue
ERROR [24-08-15 13:16:45] - 'userLocations' Data is NULL or Empty -> continue
ERROR [24-08-15 13:16:50] - 'userLocations' Data is NULL or Empty -> continue
ERROR [24-08-15 13:16:55] - 'userLocations' Data is NULL or Empty -> continue
ERROR [24-08-15 13:17:00] - 'userLocations' Data is NULL or Empty -> continue
ERROR [24-08-15 13:17:05] - 'userLocations' Data is NULL or Empty -> continue
ERROR [24-08-15 13:17:10] - 'userLocations' Data is NULL or Empty -> continue
ERROR [24-08-15 13:17:15] - 'userLocations' Data is NULL or Empty -> continue
ERROR [24-08-15 13:17:20] - 'userLocations' Data is NULL or Empty -> continue
ERROR [24-08-15 13:17:25] - 'userLocations' Data is NULL or Empty -> continue
ERROR [24-08-15 13:17:30] - 'userLocations' Data is NULL or Empty -> continue
ERROR [24-08-15 13:17:35] - 'userLocations' Data is NULL or Empty -> continue
ERROR [24-08-15 13:17:40] - 'userLocations' Data is NULL or Empty -> continue
ERROR [24-08-15 13:17:45] - 'userLocations' Data is NULL or Empty -> continue
ERROR [24-08-15 13:17:50] - 'userLocations' Data is NULL or Empty -> continue
ERROR [24-08-15 13:17:55] - 'userLocations' Data is NULL or Empty -> continue
ERROR [24-08-15 13:18:00] - 'userLocations' Data is NULL or Empty -> continue
ERROR [24-08-15 13:18:05] - 'userLocations' Data is NULL or Empty -> continue
ERROR [24-08-15 13:18:10] - 'userLocations' Data is NULL or Empty -> continue
ERROR [24-08-15 13:18:15] - 'userLocations' Data is NULL or Empty -> continue
ERROR [24-08-15 13:18:20] - 'userLocations' Data is NULL or Empty -> continue
ERROR [24-08-15 13:18:25] - 'userLocations' Data is NULL or Empty -> continue
ERROR [24-08-15 13:18:30] - 'userLocations' Data is NULL or Empty -> continue
ERROR [24-08-15 13:18:35] - 'userLocations' Data is NULL or Empty -> continue
ERROR [24-08-15 13:18:40] - 'userLocations' Data is NULL or Empty -> continue
ERROR [24-08-15 13:18:45] - 'userLocations' Data is NULL or Empty -> continue
ERROR [24-08-15 13:18:50] - 'userLocations' Data is NULL or Empty -> continue
ERROR [24-08-15 13:18:55] - 'userLocations' Data is NULL or Empty -> continue
ERROR [24-08-15 13:19:00] - 'userLocations' Data is NULL or Empty -> continue
ERROR [24-08-15 13:19:05] - 'userLocations' Data is NULL or Empty -> continue
ERROR [24-08-15 13:19:10] - 'userLocations' Data is NULL or Empty -> continue
ERROR [24-08-15 13:19:15] - 'userLocations' Data is NULL or Empty -> continue
ERROR [24-08-15 13:19:20] - 'userLocations' Data is NULL or Empty -> continue
ERROR [24-08-15 13:19:25] - 'userLocations' Data is NULL or Empty -> continue
ERROR [24-08-15 13:19:30] - 'userLocations' Data is NULL or Empty -> continue
ERROR [24-08-15 13:19:35] - 'userLocations' Data is NULL or Empty -> continue
ERROR [24-08-15 13:19:40] - 'userLocations' Data is NULL or Empty -> continue
ERROR [24-08-15 13:19:45] - 'userLocations' Data is NULL or Empty -> continue
ERROR [24-08-15 13:19:50] - 'userLocations' Data is NULL or Empty -> continue
ERROR [24-08-15 13:19:55] - 'userLocations' Data is NULL or Empty -> continue
ERROR [24-08-15 13:20:00] - 'userLocations' Data is NULL or Empty -> continue
ERROR [24-08-15 13:20:05] - 'userLocations' Data is NULL or Empty -> continue
ERROR [24-08-15 13:20:10] - 'userLocations' Data is NULL or Empty -> continue
ERROR [24-08-15 13:20:15] - 'userLocations' Data is NULL or Empty -> continue
ERROR [24-08-15 13:20:20] - 'userLocations' Data is NULL or Empty -> continue
ERROR [24-08-15 13:20:25] - 'userLocations' Data is NULL or Empty -> continue
ERROR [24-08-15 13:20:30] - 'userLocations' Data is NULL or Empty -> continue
ERROR [24-08-15 13:20:35] - 'userLocations' Data is NULL or Empty -> continue
ERROR [24-08-15 13:20:40] - 'userLocations' Data is NULL or Empty -> continue
ERROR [24-08-15 13:20:45] - 'userLocations' Data is NULL or Empty -> continue
ERROR [24-08-15 13:20:50] - 'userLocations' Data is NULL or Empty -> continue
ERROR [24-08-15 13:20:55] - 'userLocations' Data is NULL or Empty -> continue
ERROR [24-08-15 13:21:00] - 'userLocations' Data is NULL or Empty -> continue
ERROR [24-08-15 13:21:05] - 'userLocations' Data is NULL or Empty -> continue
ERROR [24-08-15 13:21:10] - 'userLocations' Data is NULL or Empty -> continue
ERROR [24-08-15 13:21:15] - 'userLocations' Data is NULL or Empty -> continue
ERROR [24-08-15 13:21:20] - 'userLocations' Data is NULL or Empty -> continue
ERROR [24-08-15 13:21:25] - 'userLocations' Data is NULL or Empty -> continue
ERROR [24-08-15 13:21:30] - 'userLocations' Data is NULL or Empty -> continue
ERROR [24-08-15 13:21:35] - 'userLocations' Data is NULL or Empty -> continue
ERROR [24-08-15 13:21:40] - 'userLocations' Data is NULL or Empty -> continue
ERROR [24-08-15 13:21:45] - 'userLocations' Data is NULL or Empty -> continue
ERROR [24-08-15 13:21:50] - 'userLocations' Data is NULL or Empty -> continue
ERROR [24-08-15 13:21:55] - 'userLocations' Data is NULL or Empty -> continue
ERROR [24-08-15 13:22:00] - 'userLocations' Data is NULL or Empty -> continue
ERROR [24-08-15 13:22:05] - 'userLocations' Data is NULL or Empty -> continue
ERROR [24-08-15 13:22:10] - 'userLocations' Data is NULL or Empty -> continue
ERROR [24-08-15 13:22:15] - 'userLocations' Data is NULL or Empty -> continue
ERROR [24-08-15 13:22:20] - 'userLocations' Data is NULL or Empty -> continue
ERROR [24-08-15 13:22:25] - 'userLocations' Data is NULL or Empty -> continue
ERROR [24-08-15 13:22:30] - 'userLocations' Data is NULL or Empty -> continue
ERROR [24-08-15 13:22:35] - 'userLocations' Data is NULL or Empty -> continue
ERROR [24-08-15 13:22:40] - 'userLocations' Data is NULL or Empty -> continue
ERROR [24-08-15 13:22:45] - 'userLocations' Data is NULL or Empty -> continue
ERROR [24-08-15 13:22:50] - 'userLocations' Data is NULL or Empty -> continue
ERROR [24-08-15 13:22:55] - 'userLocations' Data is NULL or Empty -> continue
ERROR [24-08-15 13:23:00] - 'userLocations' Data is NULL or Empty -> continue
ERROR [24-08-15 13:23:05] - 'userLocations' Data is NULL or Empty -> continue
ERROR [24-08-15 13:23:10] - 'userLocations' Data is NULL or Empty -> continue
ERROR [24-08-15 13:23:15] - 'userLocations' Data is NULL or Empty -> continue
ERROR [24-08-15 13:23:20] - 'userLocations' Data is NULL or Empty -> continue
ERROR [24-08-15 13:23:25] - 'userLocations' Data is NULL or Empty -> continue
ERROR [24-08-15 13:23:30] - 'userLocations' Data is NULL or Empty -> continue
ERROR [24-08-15 13:23:35] - 'userLocations' Data is NULL or Empty -> continue
ERROR [24-08-15 13:23:40] - 'userLocations' Data is NULL or Empty -> continue
ERROR [24-08-15 13:23:45] - 'userLocations' Data is NULL or Empty -> continue
ERROR [24-08-15 13:23:50] - 'userLocations' Data is NULL or Empty -> continue
ERROR [24-08-15 13:23:55] - 'userLocations' Data is NULL or Empty -> continue
ERROR [24-08-15 13:24:00] - 'userLocations' Data is NULL or Empty -> continue
ERROR [24-08-15 13:24:05] - 'userLocations' Data is NULL or Empty -> continue
ERROR [24-08-15 13:24:10] - 'userLocations' Data is NULL or Empty -> continue
ERROR [24-08-15 13:24:15] - 'userLocations' Data is NULL or Empty -> continue
ERROR [24-08-15 13:24:20] - 'userLocations' Data is NULL or Empty -> continue
ERROR [24-08-15 13:24:25] - 'userLocations' Data is NULL or Empty -> continue
ERROR [24-08-15 13:24:30] - 'userLocations' Data is NULL or Empty -> continue
ERROR [24-08-15 13:24:35] - 'userLocations' Data is NULL or Empty -> continue
ERROR [24-08-15 13:24:40] - 'userLocations' Data is NULL or Empty -> continue
ERROR [24-08-15 13:24:45] - 'userLocations' Data is NULL or Empty -> continue
ERROR [24-08-15 13:24:50] - 'userLocations' Data is NULL or Empty -> continue
ERROR [24-08-15 13:24:55] - 'userLocations' Data is NULL or Empty -> continue
ERROR [24-08-15 13:25:00] - 'userLocations' Data is NULL or Empty -> continue
ERROR [24-08-15 13:25:05] - 'userLocations' Data is NULL or Empty -> continue
ERROR [24-08-15 13:25:10] - 'userLocations' Data is NULL or Empty -> continue
ERROR [24-08-15 13:25:15] - 'userLocations' Data is NULL or Empty -> continue
ERROR [24-08-15 13:25:20] - 'userLocations' Data is NULL or Empty -> continue
ERROR [24-08-15 13:25:25] - 'userLocations' Data is NULL or Empty -> continue
ERROR [24-08-15 13:25:30] - 'userLocations' Data is NULL or Empty -> continue
ERROR [24-08-15 13:25:35] - 'userLocations' Data is NULL or Empty -> continue
ERROR [24-08-15 13:25:40] - 'userLocations' Data is NULL or Empty -> continue
ERROR [24-08-15 13:25:45] - 'userLocations' Data is NULL or Empty -> continue
ERROR [24-08-15 13:25:50] - 'userLocations' Data is NULL or Empty -> continue
ERROR [24-08-15 13:25:55] - 'userLocations' Data is NULL or Empty -> continue
ERROR [24-08-15 13:26:00] - 'userLocations' Data is NULL or Empty -> continue
ERROR [24-08-15 13:26:05] - 'userLocations' Data is NULL or Empty -> continue
ERROR [24-08-15 13:26:10] - 'userLocations' Data is NULL or Empty -> continue
ERROR [24-08-15 13:26:15] - 'userLocations' Data is NULL or Empty -> continue
ERROR [24-08-15 13:26:20] - 'userLocations' Data is NULL or Empty -> continue
ERROR [24-08-15 13:26:25] - 'userLocations' Data is NULL or Empty -> continue
ERROR [24-08-15 13:26:30] - 'userLocations' Data is NULL or Empty -> continue
ERROR [24-08-15 13:26:35] - 'userLocations' Data is NULL or Empty -> continue
ERROR [24-08-15 13:26:40] - 'userLocations' Data is NULL or Empty -> continue
ERROR [24-08-15 13:26:45] - 'userLocations' Data is NULL or Empty -> continue
ERROR [24-08-15 13:26:50] - 'userLocations' Data is NULL or Empty -> continue
ERROR [24-08-15 13:26:55] - 'userLocations' Data is NULL or Empty -> continue
ERROR [24-08-15 13:27:00] - 'userLocations' Data is NULL or Empty -> continue
ERROR [24-08-15 13:27:05] - 'userLocations' Data is NULL or Empty -> continue
ERROR [24-08-15 13:27:10] - 'userLocations' Data is NULL or Empty -> continue
ERROR [24-08-15 13:27:15] - 'userLocations' Data is NULL or Empty -> continue
ERROR [24-08-15 13:27:20] - 'userLocations' Data is NULL or Empty -> continue
ERROR [24-08-15 13:27:25] - 'userLocations' Data is NULL or Empty -> continue
ERROR [24-08-15 13:27:30] - 'userLocations' Data is NULL or Empty -> continue
ERROR [24-08-15 13:27:35] - 'userLocations' Data is NULL or Empty -> continue
ERROR [24-08-15 13:27:40] - 'userLocations' Data is NULL or Empty -> continue
ERROR [24-08-15 13:27:45] - 'userLocations' Data is NULL or Empty -> continue
ERROR [24-08-15 13:27:50] - 'userLocations' Data is NULL or Empty -> continue
ERROR [24-08-15 13:27:55] - 'userLocations' Data is NULL or Empty -> continue
ERROR [24-08-15 13:28:00] - 'userLocations' Data is NULL or Empty -> continue
ERROR [24-08-15 13:28:05] - 'userLocations' Data is NULL or Empty -> continue
ERROR [24-08-15 13:28:10] - 'userLocations' Data is NULL or Empty -> continue
ERROR [24-08-15 13:28:15] - 'userLocations' Data is NULL or Empty -> continue
ERROR [24-08-15 13:28:20] - 'userLocations' Data is NULL or Empty -> continue
ERROR [24-08-15 13:28:25] - 'userLocations' Data is NULL or Empty -> continue
ERROR [24-08-15 13:28:30] - 'userLocations' Data is NULL or Empty -> continue
ERROR [24-08-15 13:28:35] - 'userLocations' Data is NULL or Empty -> continue
ERROR [24-08-15 13:28:40] - 'userLocations' Data is NULL or Empty -> continue
ERROR [24-08-15 13:28:45] - 'userLocations' Data is NULL or Empty -> continue
ERROR [24-08-15 13:28:50] - 'userLocations' Data is NULL or Empty -> continue
ERROR [24-08-15 13:28:55] - 'userLocations' Data is NULL or Empty -> continue
ERROR [24-08-15 13:29:00] - 'userLocations' Data is NULL or Empty -> continue
ERROR [24-08-15 13:29:05] - 'userLocations' Data is NULL or Empty -> continue
ERROR [24-08-15 13:29:10] - 'userLocations' Data is NULL or Empty -> continue
ERROR [24-08-15 13:29:15] - 'userLocations' Data is NULL or Empty -> continue
ERROR [24-08-15 13:29:20] - 'userLocations' Data is NULL or Empty -> continue
ERROR [24-08-15 13:29:25] - 'userLocations' Data is NULL or Empty -> continue
ERROR [24-08-15 13:29:30] - 'userLocations' Data is NULL or Empty -> continue
ERROR [24-08-15 13:29:35] - 'userLocations' Data is NULL or Empty -> continue
ERROR [24-08-15 13:29:40] - 'userLocations' Data is NULL or Empty -> continue
ERROR [24-08-15 13:29:45] - 'userLocations' Data is NULL or Empty -> continue
ERROR [24-08-15 13:29:50] - 'userLocations' Data is NULL or Empty -> continue
ERROR [24-08-15 13:29:55] - 'userLocations' Data is NULL or Empty -> continue
ERROR [24-08-15 13:30:00] - 'userLocations' Data is NULL or Empty -> continue
ERROR [24-08-15 13:30:05] - 'userLocations' Data is NULL or Empty -> continue
ERROR [24-08-15 13:30:10] - 'userLocations' Data is NULL or Empty -> continue
ERROR [24-08-15 13:30:15] - 'userLocations' Data is NULL or Empty -> continue
ERROR [24-08-15 13:30:20] - 'userLocations' Data is NULL or Empty -> continue
ERROR [24-08-15 13:30:25] - 'userLocations' Data is NULL or Empty -> continue
ERROR [24-08-15 13:30:30] - 'userLocations' Data is NULL or Empty -> continue
ERROR [24-08-15 13:30:35] - 'userLocations' Data is NULL or Empty -> continue
ERROR [24-08-15 13:30:40] - 'userLocations' Data is NULL or Empty -> continue
ERROR [24-08-15 13:30:45] - 'userLocations' Data is NULL or Empty -> continue
ERROR [24-08-15 13:30:50] - 'userLocations' Data is NULL or Empty -> continue
ERROR [24-08-15 13:30:55] - 'userLocations' Data is NULL or Empty -> continue
ERROR [24-08-15 13:31:00] - 'userLocations' Data is NULL or Empty -> continue
ERROR [24-08-15 13:31:05] - 'userLocations' Data is NULL or Empty -> continue
ERROR [24-08-15 13:31:10] - 'userLocations' Data is NULL or Empty -> continue
ERROR [24-08-15 13:31:15] - 'userLocations' Data is NULL or Empty -> continue
ERROR [24-08-15 13:31:20] - 'userLocations' Data is NULL or Empty -> continue
ERROR [24-08-15 13:31:25] - 'userLocations' Data is NULL or Empty -> continue
ERROR [24-08-15 13:31:30] - 'userLocations' Data is NULL or Empty -> continue
ERROR [24-08-15 13:31:35] - 'userLocations' Data is NULL or Empty -> continue
ERROR [24-08-15 13:31:40] - 'userLocations' Data is NULL or Empty -> continue
ERROR [24-08-15 13:31:45] - 'userLocations' Data is NULL or Empty -> continue
ERROR [24-08-15 13:31:50] - 'userLocations' Data is NULL or Empty -> continue
ERROR [24-08-15 13:31:55] - 'userLocations' Data is NULL or Empty -> continue
ERROR [24-08-15 13:32:00] - 'userLocations' Data is NULL or Empty -> continue
ERROR [24-08-15 13:32:05] - 'userLocations' Data is NULL or Empty -> continue
ERROR [24-08-15 13:32:10] - 'userLocations' Data is NULL or Empty -> continue
ERROR [24-08-15 13:32:15] - 'userLocations' Data is NULL or Empty -> continue
ERROR [24-08-15 13:32:20] - 'userLocations' Data is NULL or Empty -> continue
ERROR [24-08-15 13:32:25] - 'userLocations' Data is NULL or Empty -> continue
ERROR [24-08-15 13:32:30] - 'userLocations' Data is NULL or Empty -> continue
ERROR [24-08-15 13:32:35] - 'userLocations' Data is NULL or Empty -> continue
ERROR [24-08-15 13:32:40] - 'userLocations' Data is NULL or Empty -> continue
ERROR [24-08-15 13:32:45] - 'userLocations' Data is NULL or Empty -> continue
ERROR [24-08-15 13:32:50] - 'userLocations' Data is NULL or Empty -> continue
ERROR [24-08-15 13:32:55] - 'userLocations' Data is NULL or Empty -> continue
ERROR [24-08-15 13:33:00] - 'userLocations' Data is NULL or Empty -> continue
ERROR [24-08-15 13:33:05] - 'userLocations' Data is NULL or Empty -> continue
ERROR [24-08-15 13:33:10] - 'userLocations' Data is NULL or Empty -> continue
ERROR [24-08-15 13:33:15] - 'userLocations' Data is NULL or Empty -> continue
ERROR [24-08-15 13:33:20] - 'userLocations' Data is NULL or Empty -> continue
ERROR [24-08-15 13:33:25] - 'userLocations' Data is NULL or Empty -> continue
ERROR [24-08-15 13:33:30] - 'userLocations' Data is NULL or Empty -> continue
ERROR [24-08-15 13:33:35] - 'userLocations' Data is NULL or Empty -> continue
ERROR [24-08-15 13:33:40] - 'userLocations' Data is NULL or Empty -> continue
ERROR [24-08-15 13:33:45] - 'userLocations' Data is NULL or Empty -> continue
ERROR [24-08-15 13:33:50] - 'userLocations' Data is NULL or Empty -> continue
ERROR [24-08-15 13:33:55] - 'userLocations' Data is NULL or Empty -> continue
ERROR [24-08-15 13:34:00] - 'userLocations' Data is NULL or Empty -> continue
ERROR [24-08-15 13:34:05] - 'userLocations' Data is NULL or Empty -> continue
ERROR [24-08-15 13:34:10] - 'userLocations' Data is NULL or Empty -> continue
ERROR [24-08-15 13:34:15] - 'userLocations' Data is NULL or Empty -> continue
ERROR [24-08-15 13:34:20] - 'userLocations' Data is NULL or Empty -> continue
ERROR [24-08-15 13:34:25] - 'userLocations' Data is NULL or Empty -> continue
ERROR [24-08-15 13:34:30] - 'userLocations' Data is NULL or Empty -> continue
ERROR [24-08-15 13:34:35] - 'userLocations' Data is NULL or Empty -> continue
ERROR [24-08-15 13:34:40] - 'userLocations' Data is NULL or Empty -> continue
ERROR [24-08-15 13:34:45] - 'userLocations' Data is NULL or Empty -> continue
ERROR [24-08-15 13:34:50] - 'userLocations' Data is NULL or Empty -> continue
ERROR [24-08-15 13:34:55] - 'userLocations' Data is NULL or Empty -> continue
ERROR [24-08-15 13:35:00] - 'userLocations' Data is NULL or Empty -> continue
ERROR [24-08-15 13:35:05] - 'userLocations' Data is NULL or Empty -> continue
ERROR [24-08-15 13:35:10] - 'userLocations' Data is NULL or Empty -> continue
ERROR [24-08-15 13:35:15] - 'userLocations' Data is NULL or Empty -> continue
ERROR [24-08-15 13:35:20] - 'userLocations' Data is NULL or Empty -> continue
ERROR [24-08-15 13:35:25] - 'userLocations' Data is NULL or Empty -> continue
ERROR [24-08-15 13:35:30] - 'userLocations' Data is NULL or Empty -> continue
ERROR [24-08-15 13:35:35] - 'userLocations' Data is NULL or Empty -> continue
ERROR [24-08-15 13:35:40] - 'userLocations' Data is NULL or Empty -> continue
ERROR [24-08-15 13:35:45] - 'userLocations' Data is NULL or Empty -> continue
ERROR [24-08-15 13:35:50] - 'userLocations' Data is NULL or Empty -> continue
ERROR [24-08-15 13:35:55] - 'userLocations' Data is NULL or Empty -> continue
ERROR [24-08-15 13:36:00] - 'userLocations' Data is NULL or Empty -> continue
ERROR [24-08-15 13:36:05] - 'userLocations' Data is NULL or Empty -> continue
ERROR [24-08-15 13:36:10] - 'userLocations' Data is NULL or Empty -> continue
ERROR [24-08-15 13:36:15] - 'userLocations' Data is NULL or Empty -> continue
ERROR [24-08-15 13:36:20] - 'userLocations' Data is NULL or Empty -> continue
ERROR [24-08-15 13:36:25] - 'userLocations' Data is NULL or Empty -> continue
ERROR [24-08-15 13:36:30] - 'userLocations' Data is NULL or Empty -> continue
ERROR [24-08-15 13:36:35] - 'userLocations' Data is NULL or Empty -> continue
ERROR [24-08-15 13:36:40] - 'userLocations' Data is NULL or Empty -> continue
ERROR [24-08-15 13:36:45] - 'userLocations' Data is NULL or Empty -> continue
ERROR [24-08-15 13:36:50] - 'userLocations' Data is NULL or Empty -> continue
ERROR [24-08-15 13:36:55] - 'userLocations' Data is NULL or Empty -> continue
ERROR [24-08-15 13:37:00] - 'userLocations' Data is NULL or Empty -> continue
ERROR [24-08-15 13:37:05] - 'userLocations' Data is NULL or Empty -> continue
ERROR [24-08-15 13:37:10] - 'userLocations' Data is NULL or Empty -> continue
ERROR [24-08-15 13:37:15] - 'userLocations' Data is NULL or Empty -> continue
ERROR [24-08-15 13:37:20] - 'userLocations' Data is NULL or Empty -> continue
ERROR [24-08-15 13:37:25] - 'userLocations' Data is NULL or Empty -> continue
ERROR [24-08-15 13:37:30] - 'userLocations' Data is NULL or Empty -> continue
ERROR [24-08-15 13:37:35] - 'userLocations' Data is NULL or Empty -> continue
ERROR [24-08-15 13:37:40] - 'userLocations' Data is NULL or Empty -> continue
ERROR [24-08-15 13:37:45] - 'userLocations' Data is NULL or Empty -> continue
ERROR [24-08-15 13:37:50] - 'userLocations' Data is NULL or Empty -> continue
ERROR [24-08-15 13:37:55] - 'userLocations' Data is NULL or Empty -> continue
ERROR [24-08-15 13:38:00] - 'userLocations' Data is NULL or Empty -> continue
ERROR [24-08-15 13:38:05] - 'userLocations' Data is NULL or Empty -> continue
ERROR [24-08-15 13:38:10] - 'userLocations' Data is NULL or Empty -> continue
ERROR [24-08-15 13:38:15] - 'userLocations' Data is NULL or Empty -> continue
ERROR [24-08-15 13:38:20] - 'userLocations' Data is NULL or Empty -> continue
ERROR [24-08-15 13:38:25] - 'userLocations' Data is NULL or Empty -> continue
ERROR [24-08-15 13:38:30] - 'userLocations' Data is NULL or Empty -> continue
ERROR [24-08-15 13:38:35] - 'userLocations' Data is NULL or Empty -> continue
ERROR [24-08-15 13:38:40] - 'userLocations' Data is NULL or Empty -> continue
ERROR [24-08-15 13:38:45] - 'userLocations' Data is NULL or Empty -> continue
ERROR [24-08-15 13:38:50] - 'userLocations' Data is NULL or Empty -> continue
ERROR [24-08-15 13:38:55] - 'userLocations' Data is NULL or Empty -> continue
ERROR [24-08-15 13:39:00] - 'userLocations' Data is NULL or Empty -> continue
ERROR [24-08-15 13:39:05] - 'userLocations' Data is NULL or Empty -> continue
ERROR [24-08-15 13:39:10] - 'userLocations' Data is NULL or Empty -> continue
ERROR [24-08-15 13:39:15] - 'userLocations' Data is NULL or Empty -> continue
ERROR [24-08-15 13:39:20] - 'userLocations' Data is NULL or Empty -> continue
ERROR [24-08-15 13:39:25] - 'userLocations' Data is NULL or Empty -> continue
ERROR [24-08-15 13:39:30] - 'userLocations' Data is NULL or Empty -> continue
ERROR [24-08-15 13:39:35] - 'userLocations' Data is NULL or Empty -> continue
ERROR [24-08-15 13:39:40] - 'userLocations' Data is NULL or Empty -> continue
ERROR [24-08-15 13:39:45] - 'userLocations' Data is NULL or Empty -> continue
ERROR [24-08-15 13:39:50] - 'userLocations' Data is NULL or Empty -> continue
ERROR [24-08-15 13:39:55] - 'userLocations' Data is NULL or Empty -> continue
ERROR [24-08-15 13:40:00] - 'userLocations' Data is NULL or Empty -> continue
ERROR [24-08-15 13:40:05] - 'userLocations' Data is NULL or Empty -> continue
ERROR [24-08-15 13:40:10] - 'userLocations' Data is NULL or Empty -> continue
ERROR [24-08-15 13:40:15] - 'userLocations' Data is NULL or Empty -> continue
ERROR [24-08-15 13:40:20] - 'userLocations' Data is NULL or Empty -> continue
ERROR [24-08-15 13:40:25] - 'userLocations' Data is NULL or Empty -> continue
ERROR [24-08-15 13:40:30] - 'userLocations' Data is NULL or Empty -> continue
ERROR [24-08-15 13:40:35] - 'userLocations' Data is NULL or Empty -> continue
ERROR [24-08-15 13:40:40] - 'userLocations' Data is NULL or Empty -> continue
ERROR [24-08-15 13:40:45] - 'userLocations' Data is NULL or Empty -> continue
ERROR [24-08-15 13:40:50] - 'userLocations' Data is NULL or Empty -> continue
ERROR [24-08-15 13:40:55] - 'userLocations' Data is NULL or Empty -> continue
ERROR [24-08-15 13:41:00] - 'userLocations' Data is NULL or Empty -> continue
ERROR [24-08-15 13:41:05] - 'userLocations' Data is NULL or Empty -> continue
ERROR [24-08-15 13:41:10] - 'userLocations' Data is NULL or Empty -> continue
ERROR [24-08-15 13:41:15] - 'userLocations' Data is NULL or Empty -> continue
ERROR [24-08-15 13:41:20] - 'userLocations' Data is NULL or Empty -> continue
ERROR [24-08-15 13:41:25] - 'userLocations' Data is NULL or Empty -> continue
ERROR [24-08-15 13:41:30] - 'userLocations' Data is NULL or Empty -> continue
ERROR [24-08-15 13:41:35] - 'userLocations' Data is NULL or Empty -> continue
ERROR [24-08-15 13:41:40] - 'userLocations' Data is NULL or Empty -> continue
ERROR [24-08-15 13:41:45] - 'userLocations' Data is NULL or Empty -> continue
ERROR [24-08-15 13:41:50] - 'userLocations' Data is NULL or Empty -> continue
ERROR [24-08-15 13:41:55] - 'userLocations' Data is NULL or Empty -> continue
ERROR [24-08-15 13:42:00] - 'userLocations' Data is NULL or Empty -> continue
ERROR [24-08-15 13:42:05] - 'userLocations' Data is NULL or Empty -> continue
ERROR [24-08-15 13:42:10] - 'userLocations' Data is NULL or Empty -> continue
ERROR [24-08-15 13:42:15] - 'userLocations' Data is NULL or Empty -> continue
ERROR [24-08-15 13:42:20] - 'userLocations' Data is NULL or Empty -> continue
ERROR [24-08-15 13:42:25] - 'userLocations' Data is NULL or Empty -> continue
ERROR [24-08-15 13:42:30] - 'userLocations' Data is NULL or Empty -> continue
ERROR [24-08-15 13:42:35] - 'userLocations' Data is NULL or Empty -> continue
ERROR [24-08-15 13:42:40] - 'userLocations' Data is NULL or Empty -> continue
ERROR [24-08-15 13:42:45] - 'userLocations' Data is NULL or Empty -> continue
ERROR [24-08-15 13:42:50] - 'userLocations' Data is NULL or Empty -> continue
ERROR [24-08-15 13:42:55] - 'userLocations' Data is NULL or Empty -> continue
ERROR [24-08-15 13:43:00] - 'userLocations' Data is NULL or Empty -> continue
ERROR [24-08-15 13:43:05] - 'userLocations' Data is NULL or Empty -> continue
ERROR [24-08-15 13:43:10] - 'userLocations' Data is NULL or Empty -> continue
ERROR [24-08-15 13:43:15] - 'userLocations' Data is NULL or Empty -> continue
ERROR [24-08-15 13:43:20] - 'userLocations' Data is NULL or Empty -> continue
ERROR [24-08-15 13:43:25] - 'userLocations' Data is NULL or Empty -> continue
ERROR [24-08-15 13:43:30] - 'userLocations' Data is NULL or Empty -> continue
ERROR [24-08-15 13:43:35] - 'userLocations' Data is NULL or Empty -> continue
ERROR [24-08-15 13:43:40] - 'userLocations' Data is NULL or Empty -> continue
ERROR [24-08-15 13:43:45] - 'userLocations' Data is NULL or Empty -> continue
ERROR [24-08-15 13:43:50] - 'userLocations' Data is NULL or Empty -> continue
ERROR [24-08-15 13:43:55] - 'userLocations' Data is NULL or Empty -> continue
ERROR [24-08-15 13:44:00] - 'userLocations' Data is NULL or Empty -> continue
ERROR [24-08-15 13:44:05] - 'userLocations' Data is NULL or Empty -> continue
ERROR [24-08-15 13:44:10] - 'userLocations' Data is NULL or Empty -> continue
ERROR [24-08-15 13:44:15] - 'userLocations' Data is NULL or Empty -> continue
ERROR [24-08-15 13:44:20] - 'userLocations' Data is NULL or Empty -> continue
ERROR [24-08-15 13:44:25] - 'userLocations' Data is NULL or Empty -> continue
ERROR [24-08-15 13:44:30] - 'userLocations' Data is NULL or Empty -> continue
ERROR [24-08-15 13:44:35] - 'userLocations' Data is NULL or Empty -> continue
ERROR [24-08-15 13:44:40] - 'userLocations' Data is NULL or Empty -> continue
ERROR [24-08-15 13:44:45] - 'userLocations' Data is NULL or Empty -> continue
ERROR [24-08-15 13:44:50] - 'userLocations' Data is NULL or Empty -> continue
ERROR [24-08-15 13:44:55] - 'userLocations' Data is NULL or Empty -> continue
ERROR [24-08-15 13:45:00] - 'userLocations' Data is NULL or Empty -> continue
ERROR [24-08-15 13:45:05] - 'userLocations' Data is NULL or Empty -> continue
ERROR [24-08-15 13:45:10] - 'userLocations' Data is NULL or Empty -> continue
ERROR [24-08-15 13:45:15] - 'userLocations' Data is NULL or Empty -> continue
ERROR [24-08-15 13:45:20] - 'userLocations' Data is NULL or Empty -> continue
ERROR [24-08-15 13:45:25] - 'userLocations' Data is NULL or Empty -> continue
ERROR [24-08-15 13:45:30] - 'userLocations' Data is NULL or Empty -> continue
ERROR [24-08-15 13:45:35] - 'userLocations' Data is NULL or Empty -> continue
ERROR [24-08-15 13:45:40] - 'userLocations' Data is NULL or Empty -> continue
ERROR [24-08-15 13:45:45] - 'userLocations' Data is NULL or Empty -> continue
ERROR [24-08-15 13:45:50] - 'userLocations' Data is NULL or Empty -> continue
ERROR [24-08-15 13:45:55] - 'userLocations' Data is NULL or Empty -> continue
ERROR [24-08-15 13:46:00] - 'userLocations' Data is NULL or Empty -> continue
ERROR [24-08-15 13:46:05] - 'userLocations' Data is NULL or Empty -> continue
ERROR [24-08-15 13:46:10] - 'userLocations' Data is NULL or Empty -> continue
ERROR [24-08-15 13:46:15] - 'userLocations' Data is NULL or Empty -> continue
ERROR [24-08-15 13:46:20] - 'userLocations' Data is NULL or Empty -> continue
ERROR [24-08-15 13:46:25] - 'userLocations' Data is NULL or Empty -> continue
ERROR [24-08-15 13:46:30] - 'userLocations' Data is NULL or Empty -> continue
ERROR [24-08-15 13:46:35] - 'userLocations' Data is NULL or Empty -> continue
ERROR [24-08-15 13:46:40] - 'userLocations' Data is NULL or Empty -> continue
ERROR [24-08-15 13:46:45] - 'userLocations' Data is NULL or Empty -> continue
ERROR [24-08-15 13:46:50] - 'userLocations' Data is NULL or Empty -> continue
ERROR [24-08-15 13:46:55] - 'userLocations' Data is NULL or Empty -> continue
ERROR [24-08-15 13:47:00] - 'userLocations' Data is NULL or Empty -> continue
ERROR [24-08-15 13:47:05] - 'userLocations' Data is NULL or Empty -> continue
ERROR [24-08-15 13:47:10] - 'userLocations' Data is NULL or Empty -> continue
ERROR [24-08-15 13:47:15] - 'userLocations' Data is NULL or Empty -> continue
ERROR [24-08-15 13:47:20] - 'userLocations' Data is NULL or Empty -> continue
ERROR [24-08-15 13:47:25] - 'userLocations' Data is NULL or Empty -> continue
ERROR [24-08-15 13:47:30] - 'userLocations' Data is NULL or Empty -> continue
ERROR [24-08-15 13:47:35] - 'userLocations' Data is NULL or Empty -> continue
ERROR [24-08-15 13:47:40] - 'userLocations' Data is NULL or Empty -> continue
ERROR [24-08-15 13:47:45] - 'userLocations' Data is NULL or Empty -> continue
ERROR [24-08-15 13:47:50] - 'userLocations' Data is NULL or Empty -> continue
ERROR [24-08-15 13:47:55] - 'userLocations' Data is NULL or Empty -> continue
ERROR [24-08-15 13:48:00] - 'userLocations' Data is NULL or Empty -> continue
ERROR [24-08-15 13:48:05] - 'userLocations' Data is NULL or Empty -> continue
ERROR [24-08-15 13:48:10] - 'userLocations' Data is NULL or Empty -> continue
ERROR [24-08-15 13:48:15] - 'userLocations' Data is NULL or Empty -> continue
ERROR [24-08-15 13:48:20] - 'userLocations' Data is NULL or Empty -> continue
ERROR [24-08-15 13:48:25] - 'userLocations' Data is NULL or Empty -> continue
ERROR [24-08-15 13:48:30] - 'userLocations' Data is NULL or Empty -> continue
ERROR [24-08-15 13:48:35] - 'userLocations' Data is NULL or Empty -> continue
ERROR [24-08-15 13:48:40] - 'userLocations' Data is NULL or Empty -> continue
ERROR [24-08-15 13:48:45] - 'userLocations' Data is NULL or Empty -> continue
ERROR [24-08-15 13:48:50] - 'userLocations' Data is NULL or Empty -> continue
ERROR [24-08-15 13:48:55] - 'userLocations' Data is NULL or Empty -> continue
ERROR [24-08-15 13:49:00] - 'userLocations' Data is NULL or Empty -> continue
ERROR [24-08-15 13:49:05] - 'userLocations' Data is NULL or Empty -> continue
ERROR [24-08-15 13:49:10] - 'userLocations' Data is NULL or Empty -> continue
ERROR [24-08-15 13:49:15] - 'userLocations' Data is NULL or Empty -> continue
ERROR [24-08-15 13:49:20] - 'userLocations' Data is NULL or Empty -> continue
ERROR [24-08-15 13:49:25] - 'userLocations' Data is NULL or Empty -> continue
ERROR [24-08-15 13:49:30] - 'userLocations' Data is NULL or Empty -> continue
ERROR [24-08-15 13:49:35] - 'userLocations' Data is NULL or Empty -> continue
ERROR [24-08-15 13:49:40] - 'userLocations' Data is NULL or Empty -> continue
ERROR [24-08-15 13:49:45] - 'userLocations' Data is NULL or Empty -> continue
ERROR [24-08-15 13:49:50] - 'userLocations' Data is NULL or Empty -> continue
ERROR [24-08-15 13:49:55] - 'userLocations' Data is NULL or Empty -> continue
ERROR [24-08-15 13:50:00] - 'userLocations' Data is NULL or Empty -> continue
ERROR [24-08-15 13:50:05] - 'userLocations' Data is NULL or Empty -> continue
ERROR [24-08-15 13:50:10] - 'userLocations' Data is NULL or Empty -> continue
ERROR [24-08-15 13:50:15] - 'userLocations' Data is NULL or Empty -> continue
ERROR [24-08-15 13:50:20] - 'userLocations' Data is NULL or Empty -> continue
ERROR [24-08-15 13:50:25] - 'userLocations' Data is NULL or Empty -> continue
ERROR [24-08-15 13:50:30] - 'userLocations' Data is NULL or Empty -> continue
ERROR [24-08-15 13:50:35] - 'userLocations' Data is NULL or Empty -> continue
ERROR [24-08-15 13:50:40] - 'userLocations' Data is NULL or Empty -> continue
ERROR [24-08-15 13:50:45] - 'userLocations' Data is NULL or Empty -> continue
ERROR [24-08-15 13:50:50] - 'userLocations' Data is NULL or Empty -> continue
ERROR [24-08-15 13:50:55] - 'userLocations' Data is NULL or Empty -> continue
ERROR [24-08-15 13:51:00] - 'userLocations' Data is NULL or Empty -> continue
ERROR [24-08-15 13:51:05] - 'userLocations' Data is NULL or Empty -> continue
ERROR [24-08-15 13:51:10] - 'userLocations' Data is NULL or Empty -> continue
ERROR [24-08-15 13:51:15] - 'userLocations' Data is NULL or Empty -> continue
ERROR [24-08-15 13:51:20] - 'userLocations' Data is NULL or Empty -> continue
ERROR [24-08-15 13:51:25] - 'userLocations' Data is NULL or Empty -> continue
ERROR [24-08-15 13:51:30] - 'userLocations' Data is NULL or Empty -> continue
ERROR [24-08-15 13:51:35] - 'userLocations' Data is NULL or Empty -> continue
ERROR [24-08-15 13:51:40] - 'userLocations' Data is NULL or Empty -> continue
ERROR [24-08-15 13:51:45] - 'userLocations' Data is NULL or Empty -> continue
ERROR [24-08-15 13:51:50] - 'userLocations' Data is NULL or Empty -> continue
ERROR [24-08-15 13:51:55] - 'userLocations' Data is NULL or Empty -> continue
ERROR [24-08-15 13:52:00] - 'userLocations' Data is NULL or Empty -> continue
ERROR [24-08-15 13:52:05] - 'userLocations' Data is NULL or Empty -> continue
ERROR [24-08-15 13:52:10] - 'userLocations' Data is NULL or Empty -> continue
ERROR [24-08-15 13:52:15] - 'userLocations' Data is NULL or Empty -> continue
ERROR [24-08-15 13:52:20] - 'userLocations' Data is NULL or Empty -> continue
ERROR [24-08-15 13:52:25] - 'userLocations' Data is NULL or Empty -> continue
ERROR [24-08-15 13:52:30] - 'userLocations' Data is NULL or Empty -> continue
ERROR [24-08-15 13:52:35] - 'userLocations' Data is NULL or Empty -> continue
ERROR [24-08-15 13:52:40] - 'userLocations' Data is NULL or Empty -> continue
ERROR [24-08-15 13:52:45] - 'userLocations' Data is NULL or Empty -> continue
ERROR [24-08-15 13:52:50] - 'userLocations' Data is NULL or Empty -> continue
ERROR [24-08-15 13:52:55] - 'userLocations' Data is NULL or Empty -> continue
ERROR [24-08-15 13:53:00] - 'userLocations' Data is NULL or Empty -> continue
ERROR [24-08-15 13:53:05] - 'userLocations' Data is NULL or Empty -> continue
ERROR [24-08-15 13:53:10] - 'userLocations' Data is NULL or Empty -> continue
ERROR [24-08-15 13:53:15] - 'userLocations' Data is NULL or Empty -> continue
ERROR [24-08-15 13:53:20] - 'userLocations' Data is NULL or Empty -> continue
ERROR [24-08-15 13:53:25] - 'userLocations' Data is NULL or Empty -> continue
ERROR [24-08-15 13:53:30] - 'userLocations' Data is NULL or Empty -> continue
ERROR [24-08-15 13:53:35] - 'userLocations' Data is NULL or Empty -> continue
ERROR [24-08-15 13:53:40] - 'userLocations' Data is NULL or Empty -> continue
ERROR [24-08-15 13:53:45] - 'userLocations' Data is NULL or Empty -> continue
ERROR [24-08-15 13:53:50] - 'userLocations' Data is NULL or Empty -> continue
ERROR [24-08-15 13:53:55] - 'userLocations' Data is NULL or Empty -> continue
ERROR [24-08-15 13:54:00] - 'userLocations' Data is NULL or Empty -> continue
ERROR [24-08-15 13:54:05] - 'userLocations' Data is NULL or Empty -> continue
ERROR [24-08-15 13:54:10] - 'userLocations' Data is NULL or Empty -> continue
ERROR [24-08-15 13:54:15] - 'userLocations' Data is NULL or Empty -> continue
ERROR [24-08-15 13:54:20] - 'userLocations' Data is NULL or Empty -> continue
ERROR [24-08-15 13:54:25] - 'userLocations' Data is NULL or Empty -> continue
ERROR [24-08-15 13:54:30] - 'userLocations' Data is NULL or Empty -> continue
ERROR [24-08-15 13:54:35] - 'userLocations' Data is NULL or Empty -> continue
ERROR [24-08-15 13:54:40] - 'userLocations' Data is NULL or Empty -> continue
ERROR [24-08-15 13:54:45] - 'userLocations' Data is NULL or Empty -> continue
ERROR [24-08-15 13:54:50] - 'userLocations' Data is NULL or Empty -> continue
ERROR [24-08-15 13:54:55] - 'userLocations' Data is NULL or Empty -> continue
ERROR [24-08-15 13:55:00] - 'userLocations' Data is NULL or Empty -> continue
ERROR [24-08-15 13:55:05] - 'userLocations' Data is NULL or Empty -> continue
ERROR [24-08-15 13:55:10] - 'userLocations' Data is NULL or Empty -> continue
ERROR [24-08-15 13:55:15] - 'userLocations' Data is NULL or Empty -> continue
ERROR [24-08-15 13:55:20] - 'userLocations' Data is NULL or Empty -> continue
ERROR [24-08-15 13:55:25] - 'userLocations' Data is NULL or Empty -> continue
ERROR [24-08-15 13:55:30] - 'userLocations' Data is NULL or Empty -> continue
ERROR [24-08-15 13:55:35] - 'userLocations' Data is NULL or Empty -> continue
ERROR [24-08-15 13:55:40] - 'userLocations' Data is NULL or Empty -> continue
ERROR [24-08-15 13:55:45] - 'userLocations' Data is NULL or Empty -> continue
ERROR [24-08-15 13:55:50] - 'userLocations' Data is NULL or Empty -> continue
ERROR [24-08-15 13:55:55] - 'userLocations' Data is NULL or Empty -> continue
ERROR [24-08-15 13:56:00] - 'userLocations' Data is NULL or Empty -> continue
ERROR [24-08-15 13:56:05] - 'userLocations' Data is NULL or Empty -> continue
ERROR [24-08-15 13:56:10] - 'userLocations' Data is NULL or Empty -> continue
ERROR [24-08-15 13:56:15] - 'userLocations' Data is NULL or Empty -> continue
ERROR [24-08-15 13:56:20] - 'userLocations' Data is NULL or Empty -> continue
ERROR [24-08-15 13:56:25] - 'userLocations' Data is NULL or Empty -> continue
ERROR [24-08-15 13:56:30] - 'userLocations' Data is NULL or Empty -> continue
ERROR [24-08-15 13:56:35] - 'userLocations' Data is NULL or Empty -> continue
ERROR [24-08-15 13:56:40] - 'userLocations' Data is NULL or Empty -> continue
ERROR [24-08-15 13:56:45] - 'userLocations' Data is NULL or Empty -> continue
ERROR [24-08-15 13:56:50] - 'userLocations' Data is NULL or Empty -> continue
ERROR [24-08-15 13:56:55] - 'userLocations' Data is NULL or Empty -> continue
ERROR [24-08-15 13:57:00] - 'userLocations' Data is NULL or Empty -> continue
ERROR [24-08-15 13:57:05] - 'userLocations' Data is NULL or Empty -> continue
ERROR [24-08-15 13:57:10] - 'userLocations' Data is NULL or Empty -> continue
ERROR [24-08-15 13:57:15] - 'userLocations' Data is NULL or Empty -> continue
ERROR [24-08-15 13:57:20] - 'userLocations' Data is NULL or Empty -> continue
ERROR [24-08-15 13:57:25] - 'userLocations' Data is NULL or Empty -> continue
ERROR [24-08-15 13:57:30] - 'userLocations' Data is NULL or Empty -> continue
ERROR [24-08-15 13:57:35] - 'userLocations' Data is NULL or Empty -> continue
ERROR [24-08-15 13:57:40] - 'userLocations' Data is NULL or Empty -> continue
ERROR [24-08-15 13:57:45] - 'userLocations' Data is NULL or Empty -> continue
ERROR [24-08-15 13:57:50] - 'userLocations' Data is NULL or Empty -> continue
ERROR [24-08-15 13:57:55] - 'userLocations' Data is NULL or Empty -> continue
ERROR [24-08-15 13:58:00] - 'userLocations' Data is NULL or Empty -> continue
ERROR [24-08-15 13:58:05] - 'userLocations' Data is NULL or Empty -> continue
ERROR [24-08-15 13:58:10] - 'userLocations' Data is NULL or Empty -> continue
ERROR [24-08-15 13:58:15] - 'userLocations' Data is NULL or Empty -> continue
ERROR [24-08-15 13:58:20] - 'userLocations' Data is NULL or Empty -> continue
ERROR [24-08-15 13:58:25] - 'userLocations' Data is NULL or Empty -> continue
ERROR [24-08-15 13:58:30] - 'userLocations' Data is NULL or Empty -> continue
ERROR [24-08-15 13:58:35] - 'userLocations' Data is NULL or Empty -> continue
ERROR [24-08-15 13:58:42] - 'userLocations' Data is NULL or Empty -> continue
ERROR [24-08-15 13:58:45] - 'userLocations' Data is NULL or Empty -> continue
ERROR [24-08-15 13:58:50] - 'userLocations' Data is NULL or Empty -> continue
ERROR [24-08-15 13:58:55] - 'userLocations' Data is NULL or Empty -> continue
ERROR [24-08-15 13:59:00] - 'userLocations' Data is NULL or Empty -> continue
ERROR [24-08-15 13:59:05] - 'userLocations' Data is NULL or Empty -> continue
ERROR [24-08-15 13:59:10] - 'userLocations' Data is NULL or Empty -> continue
ERROR [24-08-15 13:59:15] - 'userLocations' Data is NULL or Empty -> continue
ERROR [24-08-15 13:59:20] - 'userLocations' Data is NULL or Empty -> continue
ERROR [24-08-15 13:59:25] - 'userLocations' Data is NULL or Empty -> continue
ERROR [24-08-15 13:59:30] - 'userLocations' Data is NULL or Empty -> continue
ERROR [24-08-15 13:59:35] - 'userLocations' Data is NULL or Empty -> continue
ERROR [24-08-15 13:59:40] - 'userLocations' Data is NULL or Empty -> continue
ERROR [24-08-15 13:59:45] - 'userLocations' Data is NULL or Empty -> continue
ERROR [24-08-15 13:59:50] - 'userLocations' Data is NULL or Empty -> continue
ERROR [24-08-15 13:59:55] - 'userLocations' Data is NULL or Empty -> continue
ERROR [24-08-15 14:00:00] - 'userLocations' Data is NULL or Empty -> continue
ERROR [24-08-15 14:00:05] - 'userLocations' Data is NULL or Empty -> continue
ERROR [24-08-15 14:00:10] - 'userLocations' Data is NULL or Empty -> continue
ERROR [24-08-15 14:00:15] - 'userLocations' Data is NULL or Empty -> continue
ERROR [24-08-15 14:00:20] - 'userLocations' Data is NULL or Empty -> continue
ERROR [24-08-15 14:00:25] - 'userLocations' Data is NULL or Empty -> continue
ERROR [24-08-15 14:00:30] - 'userLocations' Data is NULL or Empty -> continue
ERROR [24-08-15 14:00:35] - 'userLocations' Data is NULL or Empty -> continue
ERROR [24-08-15 14:00:40] - 'userLocations' Data is NULL or Empty -> continue
ERROR [24-08-15 14:00:45] - 'userLocations' Data is NULL or Empty -> continue
ERROR [24-08-15 14:00:50] - 'userLocations' Data is NULL or Empty -> continue
ERROR [24-08-15 14:00:55] - 'userLocations' Data is NULL or Empty -> continue
ERROR [24-08-15 14:01:00] - 'userLocations' Data is NULL or Empty -> continue
ERROR [24-08-15 14:01:05] - 'userLocations' Data is NULL or Empty -> continue
ERROR [24-08-15 14:01:10] - 'userLocations' Data is NULL or Empty -> continue
ERROR [24-08-15 14:01:15] - 'userLocations' Data is NULL or Empty -> continue
ERROR [24-08-15 14:01:20] - 'userLocations' Data is NULL or Empty -> continue
ERROR [24-08-15 14:01:25] - 'userLocations' Data is NULL or Empty -> continue
ERROR [24-08-15 14:01:30] - 'userLocations' Data is NULL or Empty -> continue
ERROR [24-08-15 14:01:35] - 'userLocations' Data is NULL or Empty -> continue
ERROR [24-08-15 14:01:40] - 'userLocations' Data is NULL or Empty -> continue
ERROR [24-08-15 14:01:45] - 'userLocations' Data is NULL or Empty -> continue
ERROR [24-08-15 14:01:50] - 'userLocations' Data is NULL or Empty -> continue
ERROR [24-08-15 14:01:55] - 'userLocations' Data is NULL or Empty -> continue
ERROR [24-08-15 14:02:00] - 'userLocations' Data is NULL or Empty -> continue
ERROR [24-08-15 14:02:05] - 'userLocations' Data is NULL or Empty -> continue
ERROR [24-08-15 14:02:10] - 'userLocations' Data is NULL or Empty -> continue
ERROR [24-08-15 14:02:15] - 'userLocations' Data is NULL or Empty -> continue
ERROR [24-08-15 14:02:20] - 'userLocations' Data is NULL or Empty -> continue
ERROR [24-08-15 14:02:25] - 'userLocations' Data is NULL or Empty -> continue
ERROR [24-08-15 14:02:30] - 'userLocations' Data is NULL or Empty -> continue
ERROR [24-08-15 14:02:35] - 'userLocations' Data is NULL or Empty -> continue
ERROR [24-08-15 14:02:40] - 'userLocations' Data is NULL or Empty -> continue
ERROR [24-08-15 14:02:45] - 'userLocations' Data is NULL or Empty -> continue
ERROR [24-08-15 14:02:50] - 'userLocations' Data is NULL or Empty -> continue
ERROR [24-08-15 14:02:55] - 'userLocations' Data is NULL or Empty -> continue
ERROR [24-08-15 14:03:00] - 'userLocations' Data is NULL or Empty -> continue
ERROR [24-08-15 14:03:05] - 'userLocations' Data is NULL or Empty -> continue
ERROR [24-08-15 14:03:10] - 'userLocations' Data is NULL or Empty -> continue
ERROR [24-08-15 14:03:15] - 'userLocations' Data is NULL or Empty -> continue
ERROR [24-08-15 14:03:20] - 'userLocations' Data is NULL or Empty -> continue
ERROR [24-08-15 14:03:25] - 'userLocations' Data is NULL or Empty -> continue
ERROR [24-08-15 14:03:30] - 'userLocations' Data is NULL or Empty -> continue
ERROR [24-08-15 14:03:35] - 'userLocations' Data is NULL or Empty -> continue
ERROR [24-08-15 14:03:40] - 'userLocations' Data is NULL or Empty -> continue
ERROR [24-08-15 14:03:45] - 'userLocations' Data is NULL or Empty -> continue
ERROR [24-08-15 14:03:50] - 'userLocations' Data is NULL or Empty -> continue
ERROR [24-08-15 14:03:55] - 'userLocations' Data is NULL or Empty -> continue
ERROR [24-08-15 14:04:00] - 'userLocations' Data is NULL or Empty -> continue
ERROR [24-08-15 14:04:05] - 'userLocations' Data is NULL or Empty -> continue
ERROR [24-08-15 14:04:10] - 'userLocations' Data is NULL or Empty -> continue
ERROR [24-08-15 14:04:15] - 'userLocations' Data is NULL or Empty -> continue
ERROR [24-08-15 14:04:20] - 'userLocations' Data is NULL or Empty -> continue
ERROR [24-08-15 14:04:25] - 'userLocations' Data is NULL or Empty -> continue
ERROR [24-08-15 14:04:30] - 'userLocations' Data is NULL or Empty -> continue
ERROR [24-08-15 14:04:35] - 'userLocations' Data is NULL or Empty -> continue
ERROR [24-08-15 14:04:40] - 'userLocations' Data is NULL or Empty -> continue
ERROR [24-08-15 14:04:45] - 'userLocations' Data is NULL or Empty -> continue
ERROR [24-08-15 14:04:50] - 'userLocations' Data is NULL or Empty -> continue
ERROR [24-08-15 14:04:55] - 'userLocations' Data is NULL or Empty -> continue
ERROR [24-08-15 14:05:00] - 'userLocations' Data is NULL or Empty -> continue
ERROR [24-08-15 14:05:05] - 'userLocations' Data is NULL or Empty -> continue
ERROR [24-08-15 14:05:10] - 'userLocations' Data is NULL or Empty -> continue
ERROR [24-08-15 14:05:15] - 'userLocations' Data is NULL or Empty -> continue
ERROR [24-08-15 14:05:20] - 'userLocations' Data is NULL or Empty -> continue
ERROR [24-08-15 14:05:25] - 'userLocations' Data is NULL or Empty -> continue
ERROR [24-08-15 14:05:30] - 'userLocations' Data is NULL or Empty -> continue
ERROR [24-08-15 14:05:35] - 'userLocations' Data is NULL or Empty -> continue
ERROR [24-08-15 14:05:40] - 'userLocations' Data is NULL or Empty -> continue
ERROR [24-08-15 14:05:45] - 'userLocations' Data is NULL or Empty -> continue
ERROR [24-08-15 14:05:50] - 'userLocations' Data is NULL or Empty -> continue
ERROR [24-08-15 14:05:55] - 'userLocations' Data is NULL or Empty -> continue
ERROR [24-08-15 14:06:00] - 'userLocations' Data is NULL or Empty -> continue
ERROR [24-08-15 14:06:05] - 'userLocations' Data is NULL or Empty -> continue
ERROR [24-08-15 14:06:10] - 'userLocations' Data is NULL or Empty -> continue
ERROR [24-08-15 14:06:15] - 'userLocations' Data is NULL or Empty -> continue
ERROR [24-08-15 14:06:20] - 'userLocations' Data is NULL or Empty -> continue
ERROR [24-08-15 14:06:25] - 'userLocations' Data is NULL or Empty -> continue
ERROR [24-08-15 14:06:30] - 'userLocations' Data is NULL or Empty -> continue
ERROR [24-08-15 14:06:35] - 'userLocations' Data is NULL or Empty -> continue
ERROR [24-08-15 14:06:40] - 'userLocations' Data is NULL or Empty -> continue
ERROR [24-08-15 14:06:45] - 'userLocations' Data is NULL or Empty -> continue
ERROR [24-08-15 14:06:50] - 'userLocations' Data is NULL or Empty -> continue
ERROR [24-08-15 14:06:55] - 'userLocations' Data is NULL or Empty -> continue
ERROR [24-08-15 14:07:00] - 'userLocations' Data is NULL or Empty -> continue
ERROR [24-08-15 14:07:05] - 'userLocations' Data is NULL or Empty -> continue
ERROR [24-08-15 14:07:10] - 'userLocations' Data is NULL or Empty -> continue
ERROR [24-08-15 14:07:15] - 'userLocations' Data is NULL or Empty -> continue
ERROR [24-08-15 14:07:20] - 'userLocations' Data is NULL or Empty -> continue
ERROR [24-08-15 14:07:25] - 'userLocations' Data is NULL or Empty -> continue
ERROR [24-08-15 14:07:30] - 'userLocations' Data is NULL or Empty -> continue
ERROR [24-08-15 14:07:35] - 'userLocations' Data is NULL or Empty -> continue
ERROR [24-08-15 14:07:40] - 'userLocations' Data is NULL or Empty -> continue
ERROR [24-08-15 14:07:45] - 'userLocations' Data is NULL or Empty -> continue
ERROR [24-08-15 14:07:50] - 'userLocations' Data is NULL or Empty -> continue
ERROR [24-08-15 14:07:55] - 'userLocations' Data is NULL or Empty -> continue
ERROR [24-08-15 14:08:00] - 'userLocations' Data is NULL or Empty -> continue
ERROR [24-08-15 14:08:05] - 'userLocations' Data is NULL or Empty -> continue
ERROR [24-08-15 14:08:10] - 'userLocations' Data is NULL or Empty -> continue
ERROR [24-08-15 14:08:15] - 'userLocations' Data is NULL or Empty -> continue
ERROR [24-08-15 14:08:20] - 'userLocations' Data is NULL or Empty -> continue
ERROR [24-08-15 14:08:25] - 'userLocations' Data is NULL or Empty -> continue
ERROR [24-08-15 14:08:30] - 'userLocations' Data is NULL or Empty -> continue
ERROR [24-08-15 14:08:35] - 'userLocations' Data is NULL or Empty -> continue
ERROR [24-08-15 14:08:40] - 'userLocations' Data is NULL or Empty -> continue
ERROR [24-08-15 14:08:45] - 'userLocations' Data is NULL or Empty -> continue
ERROR [24-08-15 14:08:50] - 'userLocations' Data is NULL or Empty -> continue
ERROR [24-08-15 14:08:55] - 'userLocations' Data is NULL or Empty -> continue
ERROR [24-08-15 14:09:00] - 'userLocations' Data is NULL or Empty -> continue
ERROR [24-08-15 14:09:05] - 'userLocations' Data is NULL or Empty -> continue
ERROR [24-08-15 14:09:10] - 'userLocations' Data is NULL or Empty -> continue
ERROR [24-08-15 14:09:15] - 'userLocations' Data is NULL or Empty -> continue
ERROR [24-08-15 14:09:20] - 'userLocations' Data is NULL or Empty -> continue
ERROR [24-08-15 14:09:25] - 'userLocations' Data is NULL or Empty -> continue
ERROR [24-08-15 14:09:30] - 'userLocations' Data is NULL or Empty -> continue
ERROR [24-08-15 14:09:35] - 'userLocations' Data is NULL or Empty -> continue
ERROR [24-08-15 14:09:40] - 'userLocations' Data is NULL or Empty -> continue
ERROR [24-08-15 14:09:45] - 'userLocations' Data is NULL or Empty -> continue
ERROR [24-08-15 14:09:50] - 'userLocations' Data is NULL or Empty -> continue
ERROR [24-08-15 14:09:55] - 'userLocations' Data is NULL or Empty -> continue
ERROR [24-08-15 14:10:00] - 'userLocations' Data is NULL or Empty -> continue
ERROR [24-08-15 14:10:05] - 'userLocations' Data is NULL or Empty -> continue
ERROR [24-08-15 14:10:10] - 'userLocations' Data is NULL or Empty -> continue
ERROR [24-08-15 14:10:15] - 'userLocations' Data is NULL or Empty -> continue
ERROR [24-08-15 14:10:20] - 'userLocations' Data is NULL or Empty -> continue
ERROR [24-08-15 14:10:25] - 'userLocations' Data is NULL or Empty -> continue
ERROR [24-08-15 14:10:30] - 'userLocations' Data is NULL or Empty -> continue
ERROR [24-08-15 14:10:35] - 'userLocations' Data is NULL or Empty -> continue
ERROR [24-08-15 14:10:40] - 'userLocations' Data is NULL or Empty -> continue
ERROR [24-08-15 14:10:45] - 'userLocations' Data is NULL or Empty -> continue
ERROR [24-08-15 14:10:50] - 'userLocations' Data is NULL or Empty -> continue
ERROR [24-08-15 14:10:55] - 'userLocations' Data is NULL or Empty -> continue
ERROR [24-08-15 14:11:00] - 'userLocations' Data is NULL or Empty -> continue
ERROR [24-08-15 14:11:05] - 'userLocations' Data is NULL or Empty -> continue
ERROR [24-08-15 14:11:10] - 'userLocations' Data is NULL or Empty -> continue
ERROR [24-08-15 14:11:15] - 'userLocations' Data is NULL or Empty -> continue
ERROR [24-08-15 14:11:20] - 'userLocations' Data is NULL or Empty -> continue
ERROR [24-08-15 14:11:25] - 'userLocations' Data is NULL or Empty -> continue
ERROR [24-08-15 14:11:30] - 'userLocations' Data is NULL or Empty -> continue
ERROR [24-08-15 14:11:35] - 'userLocations' Data is NULL or Empty -> continue
ERROR [24-08-15 14:11:40] - 'userLocations' Data is NULL or Empty -> continue
ERROR [24-08-15 14:11:45] - 'userLocations' Data is NULL or Empty -> continue
ERROR [24-08-15 14:11:50] - 'userLocations' Data is NULL or Empty -> continue
ERROR [24-08-15 14:11:55] - 'userLocations' Data is NULL or Empty -> continue
ERROR [24-08-15 14:12:00] - 'userLocations' Data is NULL or Empty -> continue
ERROR [24-08-15 14:12:05] - 'userLocations' Data is NULL or Empty -> continue
ERROR [24-08-15 14:12:10] - 'userLocations' Data is NULL or Empty -> continue
ERROR [24-08-15 14:12:15] - 'userLocations' Data is NULL or Empty -> continue
ERROR [24-08-15 14:12:20] - 'userLocations' Data is NULL or Empty -> continue
ERROR [24-08-15 14:12:25] - 'userLocations' Data is NULL or Empty -> continue
ERROR [24-08-15 14:12:30] - 'userLocations' Data is NULL or Empty -> continue
ERROR [24-08-15 14:12:35] - 'userLocations' Data is NULL or Empty -> continue
ERROR [24-08-15 14:12:40] - 'userLocations' Data is NULL or Empty -> continue
ERROR [24-08-15 14:12:45] - 'userLocations' Data is NULL or Empty -> continue
ERROR [24-08-15 14:12:50] - 'userLocations' Data is NULL or Empty -> continue
ERROR [24-08-15 14:12:55] - 'userLocations' Data is NULL or Empty -> continue
ERROR [24-08-15 14:13:00] - 'userLocations' Data is NULL or Empty -> continue
ERROR [24-08-15 14:13:05] - 'userLocations' Data is NULL or Empty -> continue
ERROR [24-08-15 14:13:10] - 'userLocations' Data is NULL or Empty -> continue
ERROR [24-08-15 14:13:15] - 'userLocations' Data is NULL or Empty -> continue
ERROR [24-08-15 14:13:20] - 'userLocations' Data is NULL or Empty -> continue
ERROR [24-08-15 14:13:25] - 'userLocations' Data is NULL or Empty -> continue
ERROR [24-08-15 14:13:30] - 'userLocations' Data is NULL or Empty -> continue
ERROR [24-08-15 14:13:35] - 'userLocations' Data is NULL or Empty -> continue
ERROR [24-08-15 14:13:40] - 'userLocations' Data is NULL or Empty -> continue
ERROR [24-08-15 14:13:45] - 'userLocations' Data is NULL or Empty -> continue
ERROR [24-08-15 14:13:50] - 'userLocations' Data is NULL or Empty -> continue
ERROR [24-08-15 14:13:55] - 'userLocations' Data is NULL or Empty -> continue
ERROR [24-08-15 14:14:00] - 'userLocations' Data is NULL or Empty -> continue
ERROR [24-08-15 14:14:05] - 'userLocations' Data is NULL or Empty -> continue
ERROR [24-08-15 14:14:10] - 'userLocations' Data is NULL or Empty -> continue
ERROR [24-08-15 14:14:15] - 'userLocations' Data is NULL or Empty -> continue
ERROR [24-08-15 14:14:20] - 'userLocations' Data is NULL or Empty -> continue
ERROR [24-08-15 14:14:25] - 'userLocations' Data is NULL or Empty -> continue
ERROR [24-08-15 14:14:30] - 'userLocations' Data is NULL or Empty -> continue
ERROR [24-08-15 14:14:35] - 'userLocations' Data is NULL or Empty -> continue
ERROR [24-08-15 14:14:40] - 'userLocations' Data is NULL or Empty -> continue
ERROR [24-08-15 14:14:45] - 'userLocations' Data is NULL or Empty -> continue
ERROR [24-08-15 14:14:50] - 'userLocations' Data is NULL or Empty -> continue
ERROR [24-08-15 14:14:55] - 'userLocations' Data is NULL or Empty -> continue
ERROR [24-08-15 14:15:00] - 'userLocations' Data is NULL or Empty -> continue
ERROR [24-08-15 14:15:05] - 'userLocations' Data is NULL or Empty -> continue
ERROR [24-08-15 14:15:10] - 'userLocations' Data is NULL or Empty -> continue
ERROR [24-08-15 14:15:15] - 'userLocations' Data is NULL or Empty -> continue
ERROR [24-08-15 14:15:20] - 'userLocations' Data is NULL or Empty -> continue
ERROR [24-08-15 14:15:25] - 'userLocations' Data is NULL or Empty -> continue
ERROR [24-08-15 14:15:30] - 'userLocations' Data is NULL or Empty -> continue
ERROR [24-08-15 14:15:35] - 'userLocations' Data is NULL or Empty -> continue
ERROR [24-08-15 14:15:40] - 'userLocations' Data is NULL or Empty -> continue
ERROR [24-08-15 14:15:45] - 'userLocations' Data is NULL or Empty -> continue
ERROR [24-08-15 14:15:50] - 'userLocations' Data is NULL or Empty -> continue
ERROR [24-08-15 14:15:55] - 'userLocations' Data is NULL or Empty -> continue
ERROR [24-08-15 14:16:00] - 'userLocations' Data is NULL or Empty -> continue
ERROR [24-08-15 14:16:05] - 'userLocations' Data is NULL or Empty -> continue
ERROR [24-08-15 14:16:10] - 'userLocations' Data is NULL or Empty -> continue
ERROR [24-08-15 14:16:15] - 'userLocations' Data is NULL or Empty -> continue
ERROR [24-08-15 14:16:20] - 'userLocations' Data is NULL or Empty -> continue
ERROR [24-08-15 14:16:25] - 'userLocations' Data is NULL or Empty -> continue
ERROR [24-08-15 14:16:30] - 'userLocations' Data is NULL or Empty -> continue
ERROR [24-08-15 14:16:35] - 'userLocations' Data is NULL or Empty -> continue
ERROR [24-08-15 14:16:40] - 'userLocations' Data is NULL or Empty -> continue
ERROR [24-08-15 14:16:45] - 'userLocations' Data is NULL or Empty -> continue
ERROR [24-08-15 14:16:50] - 'userLocations' Data is NULL or Empty -> continue
ERROR [24-08-15 14:16:55] - 'userLocations' Data is NULL or Empty -> continue
ERROR [24-08-15 14:17:00] - 'userLocations' Data is NULL or Empty -> continue
ERROR [24-08-15 14:17:05] - 'userLocations' Data is NULL or Empty -> continue
ERROR [24-08-15 14:17:10] - 'userLocations' Data is NULL or Empty -> continue
ERROR [24-08-15 14:17:15] - 'userLocations' Data is NULL or Empty -> continue
ERROR [24-08-15 14:17:20] - 'userLocations' Data is NULL or Empty -> continue
ERROR [24-08-15 14:17:25] - 'userLocations' Data is NULL or Empty -> continue
ERROR [24-08-15 14:17:30] - 'userLocations' Data is NULL or Empty -> continue
ERROR [24-08-15 14:17:35] - 'userLocations' Data is NULL or Empty -> continue
ERROR [24-08-15 14:17:40] - 'userLocations' Data is NULL or Empty -> continue
ERROR [24-08-15 14:17:45] - 'userLocations' Data is NULL or Empty -> continue
ERROR [24-08-15 14:17:50] - 'userLocations' Data is NULL or Empty -> continue
ERROR [24-08-15 14:17:55] - 'userLocations' Data is NULL or Empty -> continue
ERROR [24-08-15 14:18:00] - 'userLocations' Data is NULL or Empty -> continue
ERROR [24-08-15 14:18:05] - 'userLocations' Data is NULL or Empty -> continue
ERROR [24-08-15 14:18:10] - 'userLocations' Data is NULL or Empty -> continue
ERROR [24-08-15 14:18:15] - 'userLocations' Data is NULL or Empty -> continue
ERROR [24-08-15 14:18:20] - 'userLocations' Data is NULL or Empty -> continue
ERROR [24-08-15 14:18:25] - 'userLocations' Data is NULL or Empty -> continue
ERROR [24-08-15 14:18:30] - 'userLocations' Data is NULL or Empty -> continue
ERROR [24-08-15 14:18:35] - 'userLocations' Data is NULL or Empty -> continue
ERROR [24-08-15 14:18:40] - 'userLocations' Data is NULL or Empty -> continue
ERROR [24-08-15 14:18:45] - 'userLocations' Data is NULL or Empty -> continue
ERROR [24-08-15 14:18:50] - 'userLocations' Data is NULL or Empty -> continue
ERROR [24-08-15 14:18:55] - 'userLocations' Data is NULL or Empty -> continue
ERROR [24-08-15 14:19:00] - 'userLocations' Data is NULL or Empty -> continue
ERROR [24-08-15 14:19:05] - 'userLocations' Data is NULL or Empty -> continue
ERROR [24-08-15 14:19:10] - 'userLocations' Data is NULL or Empty -> continue
ERROR [24-08-15 14:19:15] - 'userLocations' Data is NULL or Empty -> continue
ERROR [24-08-15 14:19:20] - 'userLocations' Data is NULL or Empty -> continue
ERROR [24-08-15 14:19:25] - 'userLocations' Data is NULL or Empty -> continue
ERROR [24-08-15 14:19:30] - 'userLocations' Data is NULL or Empty -> continue
ERROR [24-08-15 14:19:35] - 'userLocations' Data is NULL or Empty -> continue
ERROR [24-08-15 14:19:40] - 'userLocations' Data is NULL or Empty -> continue
ERROR [24-08-15 14:19:45] - 'userLocations' Data is NULL or Empty -> continue
ERROR [24-08-15 14:19:50] - 'userLocations' Data is NULL or Empty -> continue
ERROR [24-08-15 14:19:55] - 'userLocations' Data is NULL or Empty -> continue
ERROR [24-08-15 14:20:00] - 'userLocations' Data is NULL or Empty -> continue
ERROR [24-08-15 14:20:05] - 'userLocations' Data is NULL or Empty -> continue
ERROR [24-08-15 14:20:10] - 'userLocations' Data is NULL or Empty -> continue
ERROR [24-08-15 14:20:15] - 'userLocations' Data is NULL or Empty -> continue
ERROR [24-08-15 14:20:20] - 'userLocations' Data is NULL or Empty -> continue
ERROR [24-08-15 14:20:25] - 'userLocations' Data is NULL or Empty -> continue
ERROR [24-08-15 14:20:30] - 'userLocations' Data is NULL or Empty -> continue
ERROR [24-08-15 14:20:35] - 'userLocations' Data is NULL or Empty -> continue
ERROR [24-08-15 14:20:40] - 'userLocations' Data is NULL or Empty -> continue
ERROR [24-08-15 14:20:45] - 'userLocations' Data is NULL or Empty -> continue
ERROR [24-08-15 14:20:50] - 'userLocations' Data is NULL or Empty -> continue
ERROR [24-08-15 14:20:55] - 'userLocations' Data is NULL or Empty -> continue
ERROR [24-08-15 14:21:00] - 'userLocations' Data is NULL or Empty -> continue
ERROR [24-08-15 14:21:05] - 'userLocations' Data is NULL or Empty -> continue
ERROR [24-08-15 14:21:10] - 'userLocations' Data is NULL or Empty -> continue
ERROR [24-08-15 14:21:15] - 'userLocations' Data is NULL or Empty -> continue
ERROR [24-08-15 14:21:20] - 'userLocations' Data is NULL or Empty -> continue
ERROR [24-08-15 14:21:25] - 'userLocations' Data is NULL or Empty -> continue
ERROR [24-08-15 14:21:30] - 'userLocations' Data is NULL or Empty -> continue
ERROR [24-08-15 14:21:35] - 'userLocations' Data is NULL or Empty -> continue
ERROR [24-08-15 14:21:40] - 'userLocations' Data is NULL or Empty -> continue
ERROR [24-08-15 14:21:45] - 'userLocations' Data is NULL or Empty -> continue
ERROR [24-08-15 14:21:50] - 'userLocations' Data is NULL or Empty -> continue
ERROR [24-08-15 14:21:55] - 'userLocations' Data is NULL or Empty -> continue
ERROR [24-08-15 14:22:00] - 'userLocations' Data is NULL or Empty -> continue
ERROR [24-08-15 14:22:05] - 'userLocations' Data is NULL or Empty -> continue
ERROR [24-08-15 14:22:10] - 'userLocations' Data is NULL or Empty -> continue
ERROR [24-08-15 14:22:15] - 'userLocations' Data is NULL or Empty -> continue
ERROR [24-08-15 14:22:20] - 'userLocations' Data is NULL or Empty -> continue
ERROR [24-08-15 14:22:25] - 'userLocations' Data is NULL or Empty -> continue
ERROR [24-08-15 14:22:30] - 'userLocations' Data is NULL or Empty -> continue
ERROR [24-08-15 14:22:35] - 'userLocations' Data is NULL or Empty -> continue
ERROR [24-08-15 14:22:40] - 'userLocations' Data is NULL or Empty -> continue
ERROR [24-08-15 14:22:45] - 'userLocations' Data is NULL or Empty -> continue
ERROR [24-08-15 14:22:50] - 'userLocations' Data is NULL or Empty -> continue
ERROR [24-08-15 14:22:55] - 'userLocations' Data is NULL or Empty -> continue
ERROR [24-08-15 14:23:00] - 'userLocations' Data is NULL or Empty -> continue
ERROR [24-08-15 14:23:05] - 'userLocations' Data is NULL or Empty -> continue
ERROR [24-08-15 14:23:10] - 'userLocations' Data is NULL or Empty -> continue
ERROR [24-08-15 14:23:15] - 'userLocations' Data is NULL or Empty -> continue
ERROR [24-08-15 14:23:20] - 'userLocations' Data is NULL or Empty -> continue
ERROR [24-08-15 14:23:25] - 'userLocations' Data is NULL or Empty -> continue
ERROR [24-08-15 14:23:30] - 'userLocations' Data is NULL or Empty -> continue
ERROR [24-08-15 14:23:35] - 'userLocations' Data is NULL or Empty -> continue
ERROR [24-08-15 14:23:40] - 'userLocations' Data is NULL or Empty -> continue
ERROR [24-08-15 14:23:45] - 'userLocations' Data is NULL or Empty -> continue
ERROR [24-08-15 14:23:50] - 'userLocations' Data is NULL or Empty -> continue
ERROR [24-08-15 14:23:55] - 'userLocations' Data is NULL or Empty -> continue
ERROR [24-08-15 14:24:00] - 'userLocations' Data is NULL or Empty -> continue
ERROR [24-08-15 14:24:05] - 'userLocations' Data is NULL or Empty -> continue
ERROR [24-08-15 14:24:10] - 'userLocations' Data is NULL or Empty -> continue
ERROR [24-08-15 14:24:15] - 'userLocations' Data is NULL or Empty -> continue
ERROR [24-08-15 14:24:20] - 'userLocations' Data is NULL or Empty -> continue
ERROR [24-08-15 14:24:25] - 'userLocations' Data is NULL or Empty -> continue
ERROR [24-08-15 14:24:30] - 'userLocations' Data is NULL or Empty -> continue
ERROR [24-08-15 14:24:35] - 'userLocations' Data is NULL or Empty -> continue
ERROR [24-08-15 14:24:40] - 'userLocations' Data is NULL or Empty -> continue
ERROR [24-08-15 14:24:45] - 'userLocations' Data is NULL or Empty -> continue
ERROR [24-08-15 14:24:50] - 'userLocations' Data is NULL or Empty -> continue
ERROR [24-08-15 14:24:55] - 'userLocations' Data is NULL or Empty -> continue
ERROR [24-08-15 14:25:00] - 'userLocations' Data is NULL or Empty -> continue
ERROR [24-08-15 14:25:05] - 'userLocations' Data is NULL or Empty -> continue
ERROR [24-08-15 14:25:10] - 'userLocations' Data is NULL or Empty -> continue
ERROR [24-08-15 14:25:15] - 'userLocations' Data is NULL or Empty -> continue
ERROR [24-08-15 14:25:20] - 'userLocations' Data is NULL or Empty -> continue
ERROR [24-08-15 14:25:25] - 'userLocations' Data is NULL or Empty -> continue
ERROR [24-08-15 14:25:30] - 'userLocations' Data is NULL or Empty -> continue
ERROR [24-08-15 14:25:35] - 'userLocations' Data is NULL or Empty -> continue
ERROR [24-08-15 14:25:40] - 'userLocations' Data is NULL or Empty -> continue
ERROR [24-08-15 14:25:45] - 'userLocations' Data is NULL or Empty -> continue
ERROR [24-08-15 14:25:50] - 'userLocations' Data is NULL or Empty -> continue
ERROR [24-08-15 14:25:55] - 'userLocations' Data is NULL or Empty -> continue
ERROR [24-08-15 14:26:00] - 'userLocations' Data is NULL or Empty -> continue
ERROR [24-08-15 14:26:05] - 'userLocations' Data is NULL or Empty -> continue
ERROR [24-08-15 14:26:10] - 'userLocations' Data is NULL or Empty -> continue
