ERROR [24-07-29 12:48:30] - 'userLocations' Data is NULL or Empty -> continue
ERROR [24-07-29 12:48:30] - 'userLocations' Data is NULL or Empty -> continue
ERROR [24-07-29 12:49:40] - 'userLocations' Data is NULL or Empty -> continue
ERROR [24-07-29 12:49:43] - null
ERROR [24-07-29 12:50:00] - 'userLocations' Data is NULL or Empty -> continue
ERROR [24-07-29 12:50:01] - null
ERROR [24-07-29 12:50:01] - error!
ERROR [24-07-29 12:50:01] - 'userLocations' Data is NULL or Empty -> continue
ERROR [24-07-29 13:35:30] - For input string: "0000000B"
ERROR [24-07-29 13:35:30] - For input string: "0000000C"
ERROR [24-07-29 13:35:30] - For input string: "0000000D"
ERROR [24-07-29 13:35:30] - For input string: "0000000A"
ERROR [24-07-29 13:35:30] - For input string: "0000000E"
ERROR [24-07-29 13:35:30] - For input string: "0000000F"
ERROR [24-07-29 13:35:30] - null
ERROR [24-07-29 13:35:30] - I/O error on POST request for "http://192.168.10.225:8001/locationDataReceiver": Connection refused
ERROR [24-07-29 13:35:30] - Unexpected error occurred in scheduled task
org.mybatis.spring.MyBatisSystemException: null
	at org.mybatis.spring.MyBatisExceptionTranslator.translateExceptionIfPossible(MyBatisExceptionTranslator.java:97)
	at org.mybatis.spring.SqlSessionTemplate$SqlSessionInterceptor.invoke(SqlSessionTemplate.java:439)
	at jdk.proxy3/jdk.proxy3.$Proxy62.selectList(Unknown Source)
	at org.mybatis.spring.SqlSessionTemplate.selectList(SqlSessionTemplate.java:224)
	at org.apache.ibatis.binding.MapperMethod.executeForMany(MapperMethod.java:147)
	at org.apache.ibatis.binding.MapperMethod.execute(MapperMethod.java:80)
	at org.apache.ibatis.binding.MapperProxy$PlainMethodInvoker.invoke(MapperProxy.java:141)
	at org.apache.ibatis.binding.MapperProxy.invoke(MapperProxy.java:86)
	at jdk.proxy3/jdk.proxy3.$Proxy65.selectCriticalAreaList(Unknown Source)
	at kr.co.nextcore.taglocationandgwcollector.location.LocationService.checkCriticalArea(LocationService.java:190)
	at kr.co.nextcore.taglocationandgwcollector.location.LocationService.locationDataProcess(LocationService.java:57)
	at kr.co.nextcore.taglocationandgwcollector.scheduler.APIScheduler.collectLocationData(APIScheduler.java:38)
	at java.base/jdk.internal.reflect.NativeMethodAccessorImpl.invoke0(Native Method)
	at java.base/jdk.internal.reflect.NativeMethodAccessorImpl.invoke(NativeMethodAccessorImpl.java:77)
	at java.base/jdk.internal.reflect.DelegatingMethodAccessorImpl.invoke(DelegatingMethodAccessorImpl.java:43)
	at java.base/java.lang.reflect.Method.invoke(Method.java:568)
	at org.springframework.scheduling.support.ScheduledMethodRunnable.runInternal(ScheduledMethodRunnable.java:130)
	at org.springframework.scheduling.support.ScheduledMethodRunnable.lambda$run$2(ScheduledMethodRunnable.java:124)
	at io.micrometer.observation.Observation.observe(Observation.java:499)
	at org.springframework.scheduling.support.ScheduledMethodRunnable.run(ScheduledMethodRunnable.java:124)
	at org.springframework.scheduling.support.DelegatingErrorHandlingRunnable.run(DelegatingErrorHandlingRunnable.java:54)
	at org.springframework.scheduling.concurrent.ReschedulingRunnable.run(ReschedulingRunnable.java:96)
	at java.base/java.util.concurrent.Executors$RunnableAdapter.call(Executors.java:539)
	at java.base/java.util.concurrent.FutureTask.run(FutureTask.java:264)
	at java.base/java.util.concurrent.ScheduledThreadPoolExecutor$ScheduledFutureTask.run(ScheduledThreadPoolExecutor.java:304)
	at java.base/java.util.concurrent.ThreadPoolExecutor.runWorker(ThreadPoolExecutor.java:1136)
	at java.base/java.util.concurrent.ThreadPoolExecutor$Worker.run(ThreadPoolExecutor.java:635)
	at java.base/java.lang.Thread.run(Thread.java:840)
Caused by: org.apache.ibatis.exceptions.PersistenceException: 
### Error querying database.  Cause: java.lang.RuntimeException: Driver com.mysql.cj.jdbc.Driver claims to not accept jdbcUrl, ${EWP_SAFETY_DB_URL}
### The error may exist in file [/Users/mabin/Documents/WorkSpace/Real/TagLocationAndGWCollector/build/resources/main/sql/location/location.xml]
### The error may involve kr.co.nextcore.taglocationandgwcollector.location.LocationMapper.selectCriticalAreaList
### The error occurred while executing a query
### Cause: java.lang.RuntimeException: Driver com.mysql.cj.jdbc.Driver claims to not accept jdbcUrl, ${EWP_SAFETY_DB_URL}
	at org.apache.ibatis.exceptions.ExceptionFactory.wrapException(ExceptionFactory.java:30)
	at org.apache.ibatis.session.defaults.DefaultSqlSession.selectList(DefaultSqlSession.java:156)
	at org.apache.ibatis.session.defaults.DefaultSqlSession.selectList(DefaultSqlSession.java:147)
	at org.apache.ibatis.session.defaults.DefaultSqlSession.selectList(DefaultSqlSession.java:142)
	at java.base/jdk.internal.reflect.NativeMethodAccessorImpl.invoke0(Native Method)
	at java.base/jdk.internal.reflect.NativeMethodAccessorImpl.invoke(NativeMethodAccessorImpl.java:77)
	at java.base/jdk.internal.reflect.DelegatingMethodAccessorImpl.invoke(DelegatingMethodAccessorImpl.java:43)
	at java.base/java.lang.reflect.Method.invoke(Method.java:568)
	at org.mybatis.spring.SqlSessionTemplate$SqlSessionInterceptor.invoke(SqlSessionTemplate.java:425)
	... 26 common frames omitted
Caused by: java.lang.RuntimeException: Driver com.mysql.cj.jdbc.Driver claims to not accept jdbcUrl, ${EWP_SAFETY_DB_URL}
	at com.zaxxer.hikari.util.DriverDataSource.<init>(DriverDataSource.java:110)
	at com.zaxxer.hikari.pool.PoolBase.initializeDataSource(PoolBase.java:326)
	at com.zaxxer.hikari.pool.PoolBase.<init>(PoolBase.java:112)
	at com.zaxxer.hikari.pool.HikariPool.<init>(HikariPool.java:93)
	at com.zaxxer.hikari.HikariDataSource.getConnection(HikariDataSource.java:112)
	at org.springframework.jdbc.datasource.DataSourceUtils.fetchConnection(DataSourceUtils.java:160)
	at org.springframework.jdbc.datasource.DataSourceUtils.doGetConnection(DataSourceUtils.java:118)
	at org.springframework.jdbc.datasource.DataSourceUtils.getConnection(DataSourceUtils.java:81)
	at org.mybatis.spring.transaction.SpringManagedTransaction.openConnection(SpringManagedTransaction.java:80)
	at org.mybatis.spring.transaction.SpringManagedTransaction.getConnection(SpringManagedTransaction.java:67)
	at org.apache.ibatis.executor.BaseExecutor.getConnection(BaseExecutor.java:348)
	at org.apache.ibatis.executor.SimpleExecutor.prepareStatement(SimpleExecutor.java:89)
	at org.apache.ibatis.executor.SimpleExecutor.doQuery(SimpleExecutor.java:64)
	at org.apache.ibatis.executor.BaseExecutor.queryFromDatabase(BaseExecutor.java:336)
	at org.apache.ibatis.executor.BaseExecutor.query(BaseExecutor.java:158)
	at org.apache.ibatis.executor.CachingExecutor.query(CachingExecutor.java:110)
	at org.apache.ibatis.executor.CachingExecutor.query(CachingExecutor.java:90)
	at org.apache.ibatis.session.defaults.DefaultSqlSession.selectList(DefaultSqlSession.java:154)
	... 33 common frames omitted
ERROR [24-07-29 13:35:32] - null
ERROR [24-07-29 13:37:45] - For input string: "0000000C"
ERROR [24-07-29 13:37:45] - For input string: "0000000D"
ERROR [24-07-29 13:37:45] - For input string: "0000000A"
ERROR [24-07-29 13:37:45] - For input string: "0000000E"
ERROR [24-07-29 13:37:45] - For input string: "0000000F"
ERROR [24-07-29 13:37:45] - For input string: "0000000B"
ERROR [24-07-29 13:37:45] - I/O error on POST request for "http://192.168.10.225:8001/locationDataReceiver": Connection refused
ERROR [24-07-29 13:38:05] - For input string: "0000000C"
ERROR [24-07-29 13:38:05] - For input string: "0000000D"
ERROR [24-07-29 13:38:05] - For input string: "0000000A"
ERROR [24-07-29 13:38:05] - For input string: "0000000E"
ERROR [24-07-29 13:38:05] - For input string: "0000000F"
ERROR [24-07-29 13:38:05] - For input string: "0000000B"
ERROR [24-07-29 13:38:05] - I/O error on POST request for "http://192.168.10.225:8001/locationDataReceiver": Connection refused
ERROR [24-07-29 13:40:50] - For input string: "0000000C"
ERROR [24-07-29 13:40:50] - For input string: "0000000D"
ERROR [24-07-29 13:40:50] - For input string: "0000000A"
ERROR [24-07-29 13:40:50] - For input string: "0000000E"
ERROR [24-07-29 13:40:50] - For input string: "0000000F"
ERROR [24-07-29 13:40:50] - For input string: "0000000B"
ERROR [24-07-29 13:40:50] - For input string: "0000000C"
ERROR [24-07-29 13:40:50] - For input string: "0000000D"
ERROR [24-07-29 13:40:50] - For input string: "0000000A"
ERROR [24-07-29 13:40:50] - For input string: "0000000E"
ERROR [24-07-29 13:40:50] - For input string: "0000000F"
ERROR [24-07-29 13:40:50] - For input string: "0000000B"
ERROR [24-07-29 13:40:50] - I/O error on POST request for "http://192.168.10.225:8001/locationDataReceiver": Connection refused
ERROR [24-07-29 13:40:50] - I/O error on POST request for "http://192.168.10.225:8001/locationDataReceiver": Connection refused
ERROR [24-07-29 13:46:17] - For input string: "0000000C"
ERROR [24-07-29 13:46:17] - For input string: "0000000D"
ERROR [24-07-29 13:46:17] - For input string: "0000000A"
ERROR [24-07-29 13:46:17] - For input string: "0000000E"
ERROR [24-07-29 13:46:17] - For input string: "0000000F"
ERROR [24-07-29 13:46:17] - For input string: "0000000B"
ERROR [24-07-29 13:46:17] - I/O error on POST request for "http://192.168.10.225:8001/locationDataReceiver": Connection refused
ERROR [24-07-29 18:30:52] - 'userLocations' Data is NULL or Empty -> continue
ERROR [24-07-29 18:31:24] - null
ERROR [24-07-29 18:31:24] - I/O error on POST request for "http://192.168.10.225:8001/locationDataReceiver": Connection refused
ERROR [24-07-29 18:36:38] - null
ERROR [24-07-29 18:44:29] - 
### Error updating database.  Cause: java.sql.SQLSyntaxErrorException: You have an error in your SQL syntax; check the manual that corresponds to your MariaDB server version for the right syntax to use near '' at line 1
### The error may exist in file [/Users/mabin/Documents/WorkSpace/Real/TagLocationAndGWCollector/build/resources/main/sql/location/location.xml]
### The error may involve kr.co.nextcore.taglocationandgwcollector.location.LocationMapper.updateCurrLocationData-Inline
### The error occurred while setting parameters
### SQL: UPDATE NC_P_LOCATION_T
### Cause: java.sql.SQLSyntaxErrorException: You have an error in your SQL syntax; check the manual that corresponds to your MariaDB server version for the right syntax to use near '' at line 1
; bad SQL grammar []
ERROR [24-07-29 18:50:18] - 
### Error updating database.  Cause: java.sql.SQLSyntaxErrorException: You have an error in your SQL syntax; check the manual that corresponds to your MariaDB server version for the right syntax to use near '' at line 1
### The error may exist in file [/Users/mabin/Documents/WorkSpace/Real/TagLocationAndGWCollector/build/resources/main/sql/location/location.xml]
### The error may involve kr.co.nextcore.taglocationandgwcollector.location.LocationMapper.insertCurrLocationData-Inline
### The error occurred while setting parameters
### SQL: INSERT INTO NC_P_LOCATION_T (DKEY, REGDATE, BUILDING_ID, BATT, X, Y, Z, TEMP, NAME) VALUES
### Cause: java.sql.SQLSyntaxErrorException: You have an error in your SQL syntax; check the manual that corresponds to your MariaDB server version for the right syntax to use near '' at line 1
; bad SQL grammar []
ERROR [24-07-29 18:50:25] - 
### Error updating database.  Cause: java.sql.SQLSyntaxErrorException: You have an error in your SQL syntax; check the manual that corresponds to your MariaDB server version for the right syntax to use near '' at line 1
### The error may exist in file [/Users/mabin/Documents/WorkSpace/Real/TagLocationAndGWCollector/build/resources/main/sql/location/location.xml]
### The error may involve kr.co.nextcore.taglocationandgwcollector.location.LocationMapper.insertCurrLocationData-Inline
### The error occurred while setting parameters
### SQL: INSERT INTO NC_P_LOCATION_T (DKEY, REGDATE, BUILDING_ID, BATT, X, Y, Z, TEMP, NAME) VALUES
### Cause: java.sql.SQLSyntaxErrorException: You have an error in your SQL syntax; check the manual that corresponds to your MariaDB server version for the right syntax to use near '' at line 1
; bad SQL grammar []
ERROR [24-07-29 18:52:39] - 
### Error updating database.  Cause: java.sql.SQLSyntaxErrorException: You have an error in your SQL syntax; check the manual that corresponds to your MariaDB server version for the right syntax to use near 'UPDATE NC_P_LOCATION_T
            SET REGDATE=date_format('20240729185040', ...' at line 11
### The error may exist in file [/Users/mabin/Documents/WorkSpace/Real/TagLocationAndGWCollector/build/resources/main/sql/location/location.xml]
### The error may involve kr.co.nextcore.taglocationandgwcollector.location.LocationMapper.updateCurrLocationData-Inline
### The error occurred while setting parameters
### SQL: UPDATE NC_P_LOCATION_T             SET REGDATE=date_format(?, '%Y%m%d%H%i%s')             , BUILDING_ID=?             , BATT=?             , X=?             , Y=?             , Z=?             , TEMP=NULL             WHERE DKEY = ?          ;              UPDATE NC_P_LOCATION_T             SET REGDATE=date_format(?, '%Y%m%d%H%i%s')             , BUILDING_ID=?             , BATT=?             , X=?             , Y=?             , Z=?             , TEMP=NULL             WHERE DKEY = ?          ;              UPDATE NC_P_LOCATION_T             SET REGDATE=date_format(?, '%Y%m%d%H%i%s')             , BUILDING_ID=?             , BATT=?             , X=?             , Y=?             , Z=?             , TEMP=NULL             WHERE DKEY = ?          ;              UPDATE NC_P_LOCATION_T             SET REGDATE=date_format(?, '%Y%m%d%H%i%s')             , BUILDING_ID=?             , BATT=?             , X=?             , Y=?             , Z=?             , TEMP=NULL             WHERE DKEY = ?          ;              UPDATE NC_P_LOCATION_T             SET REGDATE=date_format(?, '%Y%m%d%H%i%s')             , BUILDING_ID=?             , BATT=?             , X=?             , Y=?             , Z=?             , TEMP=NULL             WHERE DKEY = ?          ;              UPDATE NC_P_LOCATION_T             SET REGDATE=date_format(?, '%Y%m%d%H%i%s')             , BUILDING_ID=?             , BATT=?             , X=?             , Y=?             , Z=?             , TEMP=NULL             WHERE DKEY = ?          ;              UPDATE NC_P_LOCATION_T             SET REGDATE=date_format(?, '%Y%m%d%H%i%s')             , BUILDING_ID=?             , BATT=?             , X=?             , Y=?             , Z=?             , TEMP=NULL             WHERE DKEY = ?          ;              UPDATE NC_P_LOCATION_T             SET REGDATE=date_format(?, '%Y%m%d%H%i%s')             , BUILDING_ID=?             , BATT=?             , X=?             , Y=?             , Z=?             , TEMP=NULL             WHERE DKEY = ?          ;              UPDATE NC_P_LOCATION_T             SET REGDATE=date_format(?, '%Y%m%d%H%i%s')             , BUILDING_ID=?             , BATT=?             , X=?             , Y=?             , Z=?             , TEMP=NULL             WHERE DKEY = ?          ;              UPDATE NC_P_LOCATION_T             SET REGDATE=date_format(?, '%Y%m%d%H%i%s')             , BUILDING_ID=?             , BATT=?             , X=?             , Y=?             , Z=?             , TEMP=NULL             WHERE DKEY = ?                   UPDATE NC_P_LOCATION_T
### Cause: java.sql.SQLSyntaxErrorException: You have an error in your SQL syntax; check the manual that corresponds to your MariaDB server version for the right syntax to use near 'UPDATE NC_P_LOCATION_T
            SET REGDATE=date_format('20240729185040', ...' at line 11
; bad SQL grammar []
ERROR [24-07-29 18:52:39] - I/O error on POST request for "http://192.168.10.225:8001/locationDataReceiver": Connection refused
ERROR [24-07-29 18:54:10] - 
### Error updating database.  Cause: java.sql.SQLSyntaxErrorException: You have an error in your SQL syntax; check the manual that corresponds to your MariaDB server version for the right syntax to use near 'UPDATE NC_P_LOCATION_T
            SET REGDATE='20240729185410'
            ,...' at line 11
### The error may exist in file [/Users/mabin/Documents/WorkSpace/Real/TagLocationAndGWCollector/build/resources/main/sql/location/location.xml]
### The error may involve kr.co.nextcore.taglocationandgwcollector.location.LocationMapper.updateCurrLocationData-Inline
### The error occurred while setting parameters
### SQL: UPDATE NC_P_LOCATION_T             SET REGDATE=?             , BUILDING_ID=?             , BATT=?             , X=?             , Y=?             , Z=?             , TEMP=NULL             WHERE DKEY = ?          ;              UPDATE NC_P_LOCATION_T             SET REGDATE=?             , BUILDING_ID=?             , BATT=?             , X=?             , Y=?             , Z=?             , TEMP=NULL             WHERE DKEY = ?          ;              UPDATE NC_P_LOCATION_T             SET REGDATE=?             , BUILDING_ID=?             , BATT=?             , X=?             , Y=?             , Z=?             , TEMP=NULL             WHERE DKEY = ?          ;              UPDATE NC_P_LOCATION_T             SET REGDATE=?             , BUILDING_ID=?             , BATT=?             , X=?             , Y=?             , Z=?             , TEMP=NULL             WHERE DKEY = ?          ;              UPDATE NC_P_LOCATION_T             SET REGDATE=?             , BUILDING_ID=?             , BATT=?             , X=?             , Y=?             , Z=?             , TEMP=NULL             WHERE DKEY = ?          ;              UPDATE NC_P_LOCATION_T             SET REGDATE=?             , BUILDING_ID=?             , BATT=?             , X=?             , Y=?             , Z=?             , TEMP=NULL             WHERE DKEY = ?          ;              UPDATE NC_P_LOCATION_T             SET REGDATE=?             , BUILDING_ID=?             , BATT=?             , X=?             , Y=?             , Z=?             , TEMP=NULL             WHERE DKEY = ?          ;              UPDATE NC_P_LOCATION_T             SET REGDATE=?             , BUILDING_ID=?             , BATT=?             , X=?             , Y=?             , Z=?             , TEMP=NULL             WHERE DKEY = ?          ;              UPDATE NC_P_LOCATION_T             SET REGDATE=?             , BUILDING_ID=?             , BATT=?             , X=?             , Y=?             , Z=?             , TEMP=NULL             WHERE DKEY = ?          ;              UPDATE NC_P_LOCATION_T             SET REGDATE=?             , BUILDING_ID=?             , BATT=?             , X=?             , Y=?             , Z=?             , TEMP=NULL             WHERE DKEY = ?                   UPDATE NC_P_LOCATION_T
### Cause: java.sql.SQLSyntaxErrorException: You have an error in your SQL syntax; check the manual that corresponds to your MariaDB server version for the right syntax to use near 'UPDATE NC_P_LOCATION_T
            SET REGDATE='20240729185410'
            ,...' at line 11
; bad SQL grammar []
ERROR [24-07-29 18:54:10] - 
### Error updating database.  Cause: java.sql.SQLSyntaxErrorException: You have an error in your SQL syntax; check the manual that corresponds to your MariaDB server version for the right syntax to use near 'UPDATE NC_P_LOCATION_T
            SET REGDATE='20240729185410'
            ,...' at line 11
### The error may exist in file [/Users/mabin/Documents/WorkSpace/Real/TagLocationAndGWCollector/build/resources/main/sql/location/location.xml]
### The error may involve kr.co.nextcore.taglocationandgwcollector.location.LocationMapper.updateCurrLocationData-Inline
### The error occurred while setting parameters
### SQL: UPDATE NC_P_LOCATION_T             SET REGDATE=?             , BUILDING_ID=?             , BATT=?             , X=?             , Y=?             , Z=?             , TEMP=NULL             WHERE DKEY = ?          ;              UPDATE NC_P_LOCATION_T             SET REGDATE=?             , BUILDING_ID=?             , BATT=?             , X=?             , Y=?             , Z=?             , TEMP=NULL             WHERE DKEY = ?          ;              UPDATE NC_P_LOCATION_T             SET REGDATE=?             , BUILDING_ID=?             , BATT=?             , X=?             , Y=?             , Z=?             , TEMP=NULL             WHERE DKEY = ?          ;              UPDATE NC_P_LOCATION_T             SET REGDATE=?             , BUILDING_ID=?             , BATT=?             , X=?             , Y=?             , Z=?             , TEMP=NULL             WHERE DKEY = ?          ;              UPDATE NC_P_LOCATION_T             SET REGDATE=?             , BUILDING_ID=?             , BATT=?             , X=?             , Y=?             , Z=?             , TEMP=NULL             WHERE DKEY = ?          ;              UPDATE NC_P_LOCATION_T             SET REGDATE=?             , BUILDING_ID=?             , BATT=?             , X=?             , Y=?             , Z=?             , TEMP=NULL             WHERE DKEY = ?          ;              UPDATE NC_P_LOCATION_T             SET REGDATE=?             , BUILDING_ID=?             , BATT=?             , X=?             , Y=?             , Z=?             , TEMP=NULL             WHERE DKEY = ?          ;              UPDATE NC_P_LOCATION_T             SET REGDATE=?             , BUILDING_ID=?             , BATT=?             , X=?             , Y=?             , Z=?             , TEMP=NULL             WHERE DKEY = ?          ;              UPDATE NC_P_LOCATION_T             SET REGDATE=?             , BUILDING_ID=?             , BATT=?             , X=?             , Y=?             , Z=?             , TEMP=NULL             WHERE DKEY = ?          ;              UPDATE NC_P_LOCATION_T             SET REGDATE=?             , BUILDING_ID=?             , BATT=?             , X=?             , Y=?             , Z=?             , TEMP=NULL             WHERE DKEY = ?                   UPDATE NC_P_LOCATION_T
### Cause: java.sql.SQLSyntaxErrorException: You have an error in your SQL syntax; check the manual that corresponds to your MariaDB server version for the right syntax to use near 'UPDATE NC_P_LOCATION_T
            SET REGDATE='20240729185410'
            ,...' at line 11
; bad SQL grammar []
ERROR [24-07-29 18:54:10] - I/O error on POST request for "http://192.168.10.225:8001/locationDataReceiver": Connection refused
ERROR [24-07-29 18:54:10] - I/O error on POST request for "http://192.168.10.225:8001/locationDataReceiver": Connection refused
ERROR [24-07-29 18:55:12] - 'userLocations' Data is NULL or Empty -> continue
ERROR [24-07-29 18:55:40] - I/O error on POST request for "http://192.168.10.225:8001/locationDataReceiver": Connection refused
ERROR [24-07-29 18:55:40] - I/O error on POST request for "http://192.168.10.225:8001/locationDataReceiver": Connection refused
ERROR [24-07-29 18:56:44] - 
### Error updating database.  Cause: java.sql.SQLSyntaxErrorException: You have an error in your SQL syntax; check the manual that corresponds to your MariaDB server version for the right syntax to use near 'UPDATE NC_P_LOCATION_T
            SET REGDATE='20240729185644'
            ,...' at line 12
### The error may exist in file [/Users/mabin/Documents/WorkSpace/Real/TagLocationAndGWCollector/build/resources/main/sql/location/location.xml]
### The error may involve kr.co.nextcore.taglocationandgwcollector.location.LocationMapper.updateCurrLocationData-Inline
### The error occurred while setting parameters
### SQL: UPDATE NC_P_LOCATION_T             SET REGDATE=?             , BUILDING_ID=?             , BATT=?             , X=?             , Y=?             , Z=?             , TEMP=NULL             WHERE DKEY = ?             AND BUILDING_ID = ?          ;              UPDATE NC_P_LOCATION_T             SET REGDATE=?             , BUILDING_ID=?             , BATT=?             , X=?             , Y=?             , Z=?             , TEMP=NULL             WHERE DKEY = ?             AND BUILDING_ID = ?          ;              UPDATE NC_P_LOCATION_T             SET REGDATE=?             , BUILDING_ID=?             , BATT=?             , X=?             , Y=?             , Z=?             , TEMP=NULL             WHERE DKEY = ?             AND BUILDING_ID = ?          ;              UPDATE NC_P_LOCATION_T             SET REGDATE=?             , BUILDING_ID=?             , BATT=?             , X=?             , Y=?             , Z=?             , TEMP=NULL             WHERE DKEY = ?             AND BUILDING_ID = ?          ;              UPDATE NC_P_LOCATION_T             SET REGDATE=?             , BUILDING_ID=?             , BATT=?             , X=?             , Y=?             , Z=?             , TEMP=NULL             WHERE DKEY = ?             AND BUILDING_ID = ?          ;              UPDATE NC_P_LOCATION_T             SET REGDATE=?             , BUILDING_ID=?             , BATT=?             , X=?             , Y=?             , Z=?             , TEMP=NULL             WHERE DKEY = ?             AND BUILDING_ID = ?          ;              UPDATE NC_P_LOCATION_T             SET REGDATE=?             , BUILDING_ID=?             , BATT=?             , X=?             , Y=?             , Z=?             , TEMP=NULL             WHERE DKEY = ?             AND BUILDING_ID = ?          ;              UPDATE NC_P_LOCATION_T             SET REGDATE=?             , BUILDING_ID=?             , BATT=?             , X=?             , Y=?             , Z=?             , TEMP=NULL             WHERE DKEY = ?             AND BUILDING_ID = ?          ;              UPDATE NC_P_LOCATION_T             SET REGDATE=?             , BUILDING_ID=?             , BATT=?             , X=?             , Y=?             , Z=?             , TEMP=NULL             WHERE DKEY = ?             AND BUILDING_ID = ?          ;              UPDATE NC_P_LOCATION_T             SET REGDATE=?             , BUILDING_ID=?             , BATT=?             , X=?             , Y=?             , Z=?             , TEMP=NULL             WHERE DKEY = ?             AND BUILDING_ID = ?                   UPDATE NC_P_LOCATION_T
### Cause: java.sql.SQLSyntaxErrorException: You have an error in your SQL syntax; check the manual that corresponds to your MariaDB server version for the right syntax to use near 'UPDATE NC_P_LOCATION_T
            SET REGDATE='20240729185644'
            ,...' at line 12
; bad SQL grammar []
ERROR [24-07-29 18:56:44] - I/O error on POST request for "http://192.168.10.225:8001/locationDataReceiver": Connection refused
ERROR [24-07-29 18:58:22] - 
### Error updating database.  Cause: java.sql.SQLSyntaxErrorException: You have an error in your SQL syntax; check the manual that corresponds to your MariaDB server version for the right syntax to use near 'UPDATE NC_P_LOCATION_T
            SET REGDATE='20240729185822'
            ,...' at line 12
### The error may exist in file [/Users/mabin/Documents/WorkSpace/Real/TagLocationAndGWCollector/build/resources/main/sql/location/location.xml]
### The error may involve kr.co.nextcore.taglocationandgwcollector.location.LocationMapper.updateCurrLocationData-Inline
### The error occurred while setting parameters
### SQL: UPDATE NC_P_LOCATION_T             SET REGDATE=?             , BUILDING_ID=?             , BATT=?             , X=?             , Y=?             , Z=?             , TEMP=NULL             WHERE DKEY = ?             AND BUILDING_ID = ?          ;              UPDATE NC_P_LOCATION_T             SET REGDATE=?             , BUILDING_ID=?             , BATT=?             , X=?             , Y=?             , Z=?             , TEMP=NULL             WHERE DKEY = ?             AND BUILDING_ID = ?          ;              UPDATE NC_P_LOCATION_T             SET REGDATE=?             , BUILDING_ID=?             , BATT=?             , X=?             , Y=?             , Z=?             , TEMP=NULL             WHERE DKEY = ?             AND BUILDING_ID = ?          ;              UPDATE NC_P_LOCATION_T             SET REGDATE=?             , BUILDING_ID=?             , BATT=?             , X=?             , Y=?             , Z=?             , TEMP=NULL             WHERE DKEY = ?             AND BUILDING_ID = ?          ;              UPDATE NC_P_LOCATION_T             SET REGDATE=?             , BUILDING_ID=?             , BATT=?             , X=?             , Y=?             , Z=?             , TEMP=NULL             WHERE DKEY = ?             AND BUILDING_ID = ?          ;              UPDATE NC_P_LOCATION_T             SET REGDATE=?             , BUILDING_ID=?             , BATT=?             , X=?             , Y=?             , Z=?             , TEMP=NULL             WHERE DKEY = ?             AND BUILDING_ID = ?          ;              UPDATE NC_P_LOCATION_T             SET REGDATE=?             , BUILDING_ID=?             , BATT=?             , X=?             , Y=?             , Z=?             , TEMP=NULL             WHERE DKEY = ?             AND BUILDING_ID = ?          ;              UPDATE NC_P_LOCATION_T             SET REGDATE=?             , BUILDING_ID=?             , BATT=?             , X=?             , Y=?             , Z=?             , TEMP=NULL             WHERE DKEY = ?             AND BUILDING_ID = ?          ;              UPDATE NC_P_LOCATION_T             SET REGDATE=?             , BUILDING_ID=?             , BATT=?             , X=?             , Y=?             , Z=?             , TEMP=NULL             WHERE DKEY = ?             AND BUILDING_ID = ?          ;              UPDATE NC_P_LOCATION_T             SET REGDATE=?             , BUILDING_ID=?             , BATT=?             , X=?             , Y=?             , Z=?             , TEMP=NULL             WHERE DKEY = ?             AND BUILDING_ID = ?
### Cause: java.sql.SQLSyntaxErrorException: You have an error in your SQL syntax; check the manual that corresponds to your MariaDB server version for the right syntax to use near 'UPDATE NC_P_LOCATION_T
            SET REGDATE='20240729185822'
            ,...' at line 12
; bad SQL grammar []
ERROR [24-07-29 18:58:22] - I/O error on POST request for "http://192.168.10.225:8001/locationDataReceiver": Connection refused
ERROR [24-07-29 19:01:44] - 
### Error updating database.  Cause: java.sql.SQLSyntaxErrorException: You have an error in your SQL syntax; check the manual that corresponds to your MariaDB server version for the right syntax to use near 'DECLARE BEGIN  
            UPDATE NC_P_LOCATION_T
            SET REGDATE='2...' at line 1
### The error may exist in file [/Users/mabin/Documents/WorkSpace/Real/TagLocationAndGWCollector/build/resources/main/sql/location/location.xml]
### The error may involve kr.co.nextcore.taglocationandgwcollector.location.LocationMapper.updateCurrLocationData-Inline
### The error occurred while setting parameters
### SQL: DECLARE BEGIN               UPDATE NC_P_LOCATION_T             SET REGDATE=?             , BUILDING_ID=?             , BATT=?             , X=?             , Y=?             , Z=?             , TEMP=NULL             WHERE DKEY = ?             AND BUILDING_ID = ?          ;              UPDATE NC_P_LOCATION_T             SET REGDATE=?             , BUILDING_ID=?             , BATT=?             , X=?             , Y=?             , Z=?             , TEMP=NULL             WHERE DKEY = ?             AND BUILDING_ID = ?          ;              UPDATE NC_P_LOCATION_T             SET REGDATE=?             , BUILDING_ID=?             , BATT=?             , X=?             , Y=?             , Z=?             , TEMP=NULL             WHERE DKEY = ?             AND BUILDING_ID = ?          ;              UPDATE NC_P_LOCATION_T             SET REGDATE=?             , BUILDING_ID=?             , BATT=?             , X=?             , Y=?             , Z=?             , TEMP=NULL             WHERE DKEY = ?             AND BUILDING_ID = ?          ;              UPDATE NC_P_LOCATION_T             SET REGDATE=?             , BUILDING_ID=?             , BATT=?             , X=?             , Y=?             , Z=?             , TEMP=NULL             WHERE DKEY = ?             AND BUILDING_ID = ?          ;              UPDATE NC_P_LOCATION_T             SET REGDATE=?             , BUILDING_ID=?             , BATT=?             , X=?             , Y=?             , Z=?             , TEMP=NULL             WHERE DKEY = ?             AND BUILDING_ID = ?          ;              UPDATE NC_P_LOCATION_T             SET REGDATE=?             , BUILDING_ID=?             , BATT=?             , X=?             , Y=?             , Z=?             , TEMP=NULL             WHERE DKEY = ?             AND BUILDING_ID = ?          ;              UPDATE NC_P_LOCATION_T             SET REGDATE=?             , BUILDING_ID=?             , BATT=?             , X=?             , Y=?             , Z=?             , TEMP=NULL             WHERE DKEY = ?             AND BUILDING_ID = ?          ;              UPDATE NC_P_LOCATION_T             SET REGDATE=?             , BUILDING_ID=?             , BATT=?             , X=?             , Y=?             , Z=?             , TEMP=NULL             WHERE DKEY = ?             AND BUILDING_ID = ?          ;              UPDATE NC_P_LOCATION_T             SET REGDATE=?             , BUILDING_ID=?             , BATT=?             , X=?             , Y=?             , Z=?             , TEMP=NULL             WHERE DKEY = ?             AND BUILDING_ID = ?          ; END;
### Cause: java.sql.SQLSyntaxErrorException: You have an error in your SQL syntax; check the manual that corresponds to your MariaDB server version for the right syntax to use near 'DECLARE BEGIN  
            UPDATE NC_P_LOCATION_T
            SET REGDATE='2...' at line 1
; bad SQL grammar []
ERROR [24-07-29 19:01:44] - I/O error on POST request for "http://192.168.10.225:8001/locationDataReceiver": Connection refused
ERROR [24-07-29 19:05:06] - 
### Error updating database.  Cause: java.sql.SQLSyntaxErrorException: You have an error in your SQL syntax; check the manual that corresponds to your MariaDB server version for the right syntax to use near 'UPDATE NC_P_LOCATION_T
            SET REGDATE = '20240729190506',
          ...' at line 13
### The error may exist in file [/Users/mabin/Documents/WorkSpace/Real/TagLocationAndGWCollector/build/resources/main/sql/location/location.xml]
### The error may involve kr.co.nextcore.taglocationandgwcollector.location.LocationMapper.updateCurrLocationData-Inline
### The error occurred while setting parameters
### SQL: UPDATE NC_P_LOCATION_T             SET REGDATE = ?,                 BUILDING_ID = ?,                 BATT = ?,                 X = ?,                 Y = ?,                 Z = ?,                  TEMP = NULL             WHERE 1=1             AND DKEY = ?             AND BUILDING_ID = ?          ;              UPDATE NC_P_LOCATION_T             SET REGDATE = ?,                 BUILDING_ID = ?,                 BATT = ?,                 X = ?,                 Y = ?,                 Z = ?,                  TEMP = NULL             WHERE 1=1             AND DKEY = ?             AND BUILDING_ID = ?          ;              UPDATE NC_P_LOCATION_T             SET REGDATE = ?,                 BUILDING_ID = ?,                 BATT = ?,                 X = ?,                 Y = ?,                 Z = ?,                  TEMP = NULL             WHERE 1=1             AND DKEY = ?             AND BUILDING_ID = ?          ;              UPDATE NC_P_LOCATION_T             SET REGDATE = ?,                 BUILDING_ID = ?,                 BATT = ?,                 X = ?,                 Y = ?,                 Z = ?,                  TEMP = NULL             WHERE 1=1             AND DKEY = ?             AND BUILDING_ID = ?          ;              UPDATE NC_P_LOCATION_T             SET REGDATE = ?,                 BUILDING_ID = ?,                 BATT = ?,                 X = ?,                 Y = ?,                 Z = ?,                  TEMP = NULL             WHERE 1=1             AND DKEY = ?             AND BUILDING_ID = ?          ;              UPDATE NC_P_LOCATION_T             SET REGDATE = ?,                 BUILDING_ID = ?,                 BATT = ?,                 X = ?,                 Y = ?,                 Z = ?,                  TEMP = NULL             WHERE 1=1             AND DKEY = ?             AND BUILDING_ID = ?          ;              UPDATE NC_P_LOCATION_T             SET REGDATE = ?,                 BUILDING_ID = ?,                 BATT = ?,                 X = ?,                 Y = ?,                 Z = ?,                  TEMP = NULL             WHERE 1=1             AND DKEY = ?             AND BUILDING_ID = ?          ;              UPDATE NC_P_LOCATION_T             SET REGDATE = ?,                 BUILDING_ID = ?,                 BATT = ?,                 X = ?,                 Y = ?,                 Z = ?,                  TEMP = NULL             WHERE 1=1             AND DKEY = ?             AND BUILDING_ID = ?          ;              UPDATE NC_P_LOCATION_T             SET REGDATE = ?,                 BUILDING_ID = ?,                 BATT = ?,                 X = ?,                 Y = ?,                 Z = ?,                  TEMP = NULL             WHERE 1=1             AND DKEY = ?             AND BUILDING_ID = ?          ;              UPDATE NC_P_LOCATION_T             SET REGDATE = ?,                 BUILDING_ID = ?,                 BATT = ?,                 X = ?,                 Y = ?,                 Z = ?,                  TEMP = NULL             WHERE 1=1             AND DKEY = ?             AND BUILDING_ID = ?
### Cause: java.sql.SQLSyntaxErrorException: You have an error in your SQL syntax; check the manual that corresponds to your MariaDB server version for the right syntax to use near 'UPDATE NC_P_LOCATION_T
            SET REGDATE = '20240729190506',
          ...' at line 13
; bad SQL grammar []
ERROR [24-07-29 19:05:06] - I/O error on POST request for "http://192.168.10.225:8001/locationDataReceiver": Connection refused
ERROR [24-07-29 19:08:37] - 
### Error updating database.  Cause: java.sql.SQLSyntaxErrorException: You have an error in your SQL syntax; check the manual that corresponds to your MariaDB server version for the right syntax to use near 'UPDATE NC_P_LOCATION_T
            SET REGDATE = '20240729190836',
          ...' at line 13
### The error may exist in file [/Users/mabin/Documents/WorkSpace/Real/TagLocationAndGWCollector/build/resources/main/sql/location/location.xml]
### The error may involve kr.co.nextcore.taglocationandgwcollector.location.LocationMapper.updateCurrLocationData-Inline
### The error occurred while setting parameters
### SQL: UPDATE NC_P_LOCATION_T             SET REGDATE = ?,                 BUILDING_ID = ?,                 BATT = ?,                 X = ?,                 Y = ?,                 Z = ?,                 TEMP = NULL             WHERE 1=1             AND DKEY = ?             AND BUILDING_ID = ?                        UPDATE NC_P_LOCATION_T             SET REGDATE = ?,                 BUILDING_ID = ?,                 BATT = ?,                 X = ?,                 Y = ?,                 Z = ?,                 TEMP = NULL             WHERE 1=1             AND DKEY = ?             AND BUILDING_ID = ?                        UPDATE NC_P_LOCATION_T             SET REGDATE = ?,                 BUILDING_ID = ?,                 BATT = ?,                 X = ?,                 Y = ?,                 Z = ?,                 TEMP = NULL             WHERE 1=1             AND DKEY = ?             AND BUILDING_ID = ?                        UPDATE NC_P_LOCATION_T             SET REGDATE = ?,                 BUILDING_ID = ?,                 BATT = ?,                 X = ?,                 Y = ?,                 Z = ?,                 TEMP = NULL             WHERE 1=1             AND DKEY = ?             AND BUILDING_ID = ?                        UPDATE NC_P_LOCATION_T             SET REGDATE = ?,                 BUILDING_ID = ?,                 BATT = ?,                 X = ?,                 Y = ?,                 Z = ?,                 TEMP = NULL             WHERE 1=1             AND DKEY = ?             AND BUILDING_ID = ?                        UPDATE NC_P_LOCATION_T             SET REGDATE = ?,                 BUILDING_ID = ?,                 BATT = ?,                 X = ?,                 Y = ?,                 Z = ?,                 TEMP = NULL             WHERE 1=1             AND DKEY = ?             AND BUILDING_ID = ?                        UPDATE NC_P_LOCATION_T             SET REGDATE = ?,                 BUILDING_ID = ?,                 BATT = ?,                 X = ?,                 Y = ?,                 Z = ?,                 TEMP = NULL             WHERE 1=1             AND DKEY = ?             AND BUILDING_ID = ?                        UPDATE NC_P_LOCATION_T             SET REGDATE = ?,                 BUILDING_ID = ?,                 BATT = ?,                 X = ?,                 Y = ?,                 Z = ?,                 TEMP = NULL             WHERE 1=1             AND DKEY = ?             AND BUILDING_ID = ?                        UPDATE NC_P_LOCATION_T             SET REGDATE = ?,                 BUILDING_ID = ?,                 BATT = ?,                 X = ?,                 Y = ?,                 Z = ?,                 TEMP = NULL             WHERE 1=1             AND DKEY = ?             AND BUILDING_ID = ?                        UPDATE NC_P_LOCATION_T             SET REGDATE = ?,                 BUILDING_ID = ?,                 BATT = ?,                 X = ?,                 Y = ?,                 Z = ?,                 TEMP = NULL             WHERE 1=1             AND DKEY = ?             AND BUILDING_ID = ?
### Cause: java.sql.SQLSyntaxErrorException: You have an error in your SQL syntax; check the manual that corresponds to your MariaDB server version for the right syntax to use near 'UPDATE NC_P_LOCATION_T
            SET REGDATE = '20240729190836',
          ...' at line 13
; bad SQL grammar []
ERROR [24-07-29 19:08:37] - I/O error on POST request for "http://192.168.10.225:8001/locationDataReceiver": Connection refused
ERROR [24-07-29 19:11:20] - 
### Error updating database.  Cause: java.sql.SQLSyntaxErrorException: You have an error in your SQL syntax; check the manual that corresponds to your MariaDB server version for the right syntax to use near 'UPDATE NC_P_LOCATION_T
            SET REGDATE = '20240729191120',
          ...' at line 13
### The error may exist in file [/Users/mabin/Documents/WorkSpace/Real/TagLocationAndGWCollector/build/resources/main/sql/location/location.xml]
### The error may involve kr.co.nextcore.taglocationandgwcollector.location.LocationMapper.updateCurrLocationData-Inline
### The error occurred while setting parameters
### SQL: UPDATE NC_P_LOCATION_T             SET REGDATE = ?,                 BUILDING_ID = ?,                 BATT = ?,                 X = ?,                 Y = ?,                 Z = ?,                 TEMP = NULL             WHERE 1=1             AND DKEY = ?             AND BUILDING_ID = ?                        UPDATE NC_P_LOCATION_T             SET REGDATE = ?,                 BUILDING_ID = ?,                 BATT = ?,                 X = ?,                 Y = ?,                 Z = ?,                 TEMP = NULL             WHERE 1=1             AND DKEY = ?             AND BUILDING_ID = ?                        UPDATE NC_P_LOCATION_T             SET REGDATE = ?,                 BUILDING_ID = ?,                 BATT = ?,                 X = ?,                 Y = ?,                 Z = ?,                 TEMP = NULL             WHERE 1=1             AND DKEY = ?             AND BUILDING_ID = ?                        UPDATE NC_P_LOCATION_T             SET REGDATE = ?,                 BUILDING_ID = ?,                 BATT = ?,                 X = ?,                 Y = ?,                 Z = ?,                 TEMP = NULL             WHERE 1=1             AND DKEY = ?             AND BUILDING_ID = ?                        UPDATE NC_P_LOCATION_T             SET REGDATE = ?,                 BUILDING_ID = ?,                 BATT = ?,                 X = ?,                 Y = ?,                 Z = ?,                 TEMP = NULL             WHERE 1=1             AND DKEY = ?             AND BUILDING_ID = ?                        UPDATE NC_P_LOCATION_T             SET REGDATE = ?,                 BUILDING_ID = ?,                 BATT = ?,                 X = ?,                 Y = ?,                 Z = ?,                 TEMP = NULL             WHERE 1=1             AND DKEY = ?             AND BUILDING_ID = ?                        UPDATE NC_P_LOCATION_T             SET REGDATE = ?,                 BUILDING_ID = ?,                 BATT = ?,                 X = ?,                 Y = ?,                 Z = ?,                 TEMP = NULL             WHERE 1=1             AND DKEY = ?             AND BUILDING_ID = ?                        UPDATE NC_P_LOCATION_T             SET REGDATE = ?,                 BUILDING_ID = ?,                 BATT = ?,                 X = ?,                 Y = ?,                 Z = ?,                 TEMP = NULL             WHERE 1=1             AND DKEY = ?             AND BUILDING_ID = ?                        UPDATE NC_P_LOCATION_T             SET REGDATE = ?,                 BUILDING_ID = ?,                 BATT = ?,                 X = ?,                 Y = ?,                 Z = ?,                 TEMP = NULL             WHERE 1=1             AND DKEY = ?             AND BUILDING_ID = ?                        UPDATE NC_P_LOCATION_T             SET REGDATE = ?,                 BUILDING_ID = ?,                 BATT = ?,                 X = ?,                 Y = ?,                 Z = ?,                 TEMP = NULL             WHERE 1=1             AND DKEY = ?             AND BUILDING_ID = ?
### Cause: java.sql.SQLSyntaxErrorException: You have an error in your SQL syntax; check the manual that corresponds to your MariaDB server version for the right syntax to use near 'UPDATE NC_P_LOCATION_T
            SET REGDATE = '20240729191120',
          ...' at line 13
; bad SQL grammar []
ERROR [24-07-29 19:11:20] - I/O error on POST request for "http://192.168.10.225:8001/locationDataReceiver": Connection refused
ERROR [24-07-29 19:11:20] - 
### Error updating database.  Cause: java.sql.SQLSyntaxErrorException: You have an error in your SQL syntax; check the manual that corresponds to your MariaDB server version for the right syntax to use near 'UPDATE NC_P_LOCATION_T
            SET REGDATE = '20240729191120',
          ...' at line 13
### The error may exist in file [/Users/mabin/Documents/WorkSpace/Real/TagLocationAndGWCollector/build/resources/main/sql/location/location.xml]
### The error may involve kr.co.nextcore.taglocationandgwcollector.location.LocationMapper.updateCurrLocationData-Inline
### The error occurred while setting parameters
### SQL: UPDATE NC_P_LOCATION_T             SET REGDATE = ?,                 BUILDING_ID = ?,                 BATT = ?,                 X = ?,                 Y = ?,                 Z = ?,                 TEMP = NULL             WHERE 1=1             AND DKEY = ?             AND BUILDING_ID = ?                        UPDATE NC_P_LOCATION_T             SET REGDATE = ?,                 BUILDING_ID = ?,                 BATT = ?,                 X = ?,                 Y = ?,                 Z = ?,                 TEMP = NULL             WHERE 1=1             AND DKEY = ?             AND BUILDING_ID = ?                        UPDATE NC_P_LOCATION_T             SET REGDATE = ?,                 BUILDING_ID = ?,                 BATT = ?,                 X = ?,                 Y = ?,                 Z = ?,                 TEMP = NULL             WHERE 1=1             AND DKEY = ?             AND BUILDING_ID = ?                        UPDATE NC_P_LOCATION_T             SET REGDATE = ?,                 BUILDING_ID = ?,                 BATT = ?,                 X = ?,                 Y = ?,                 Z = ?,                 TEMP = NULL             WHERE 1=1             AND DKEY = ?             AND BUILDING_ID = ?                        UPDATE NC_P_LOCATION_T             SET REGDATE = ?,                 BUILDING_ID = ?,                 BATT = ?,                 X = ?,                 Y = ?,                 Z = ?,                 TEMP = NULL             WHERE 1=1             AND DKEY = ?             AND BUILDING_ID = ?                        UPDATE NC_P_LOCATION_T             SET REGDATE = ?,                 BUILDING_ID = ?,                 BATT = ?,                 X = ?,                 Y = ?,                 Z = ?,                 TEMP = NULL             WHERE 1=1             AND DKEY = ?             AND BUILDING_ID = ?                        UPDATE NC_P_LOCATION_T             SET REGDATE = ?,                 BUILDING_ID = ?,                 BATT = ?,                 X = ?,                 Y = ?,                 Z = ?,                 TEMP = NULL             WHERE 1=1             AND DKEY = ?             AND BUILDING_ID = ?                        UPDATE NC_P_LOCATION_T             SET REGDATE = ?,                 BUILDING_ID = ?,                 BATT = ?,                 X = ?,                 Y = ?,                 Z = ?,                 TEMP = NULL             WHERE 1=1             AND DKEY = ?             AND BUILDING_ID = ?                        UPDATE NC_P_LOCATION_T             SET REGDATE = ?,                 BUILDING_ID = ?,                 BATT = ?,                 X = ?,                 Y = ?,                 Z = ?,                 TEMP = NULL             WHERE 1=1             AND DKEY = ?             AND BUILDING_ID = ?                        UPDATE NC_P_LOCATION_T             SET REGDATE = ?,                 BUILDING_ID = ?,                 BATT = ?,                 X = ?,                 Y = ?,                 Z = ?,                 TEMP = NULL             WHERE 1=1             AND DKEY = ?             AND BUILDING_ID = ?
### Cause: java.sql.SQLSyntaxErrorException: You have an error in your SQL syntax; check the manual that corresponds to your MariaDB server version for the right syntax to use near 'UPDATE NC_P_LOCATION_T
            SET REGDATE = '20240729191120',
          ...' at line 13
; bad SQL grammar []
ERROR [24-07-29 19:11:20] - I/O error on POST request for "http://192.168.10.225:8001/locationDataReceiver": Connection refused
ERROR [24-07-29 19:14:20] - null
ERROR [24-07-29 19:14:20] - I/O error on POST request for "http://192.168.10.225:8001/locationDataReceiver": Connection refused
ERROR [24-07-29 19:14:20] - null
ERROR [24-07-29 19:14:20] - I/O error on POST request for "http://192.168.10.225:8001/locationDataReceiver": Connection refused
ERROR [24-07-29 19:16:17] - null
ERROR [24-07-29 19:16:17] - I/O error on POST request for "http://192.168.10.225:8001/locationDataReceiver": Connection refused
ERROR [24-07-29 19:16:29] - 
### Error updating database.  Cause: java.sql.SQLSyntaxErrorException: You have an error in your SQL syntax; check the manual that corresponds to your MariaDB server version for the right syntax to use near 'UPDATE NC_P_LOCATION_T
            SET
                REGDATE = '20240729191...' at line 14
### The error may exist in file [/Users/mabin/Documents/WorkSpace/Real/TagLocationAndGWCollector/build/resources/main/sql/location/location.xml]
### The error may involve kr.co.nextcore.taglocationandgwcollector.location.LocationMapper.updateCurrLocationData-Inline
### The error occurred while setting parameters
### SQL: UPDATE NC_P_LOCATION_T             SET                 REGDATE = ?,                 BUILDING_ID = ?,                 BATT = ?,                 X = ?,                 Y = ?,                 Z = ?,                 TEMP = NULL             WHERE 1=1             AND DKEY = ?             AND BUILDING_ID = ?                        UPDATE NC_P_LOCATION_T             SET                 REGDATE = ?,                 BUILDING_ID = ?,                 BATT = ?,                 X = ?,                 Y = ?,                 Z = ?,                 TEMP = NULL             WHERE 1=1             AND DKEY = ?             AND BUILDING_ID = ?                        UPDATE NC_P_LOCATION_T             SET                 REGDATE = ?,                 BUILDING_ID = ?,                 BATT = ?,                 X = ?,                 Y = ?,                 Z = ?,                 TEMP = NULL             WHERE 1=1             AND DKEY = ?             AND BUILDING_ID = ?                        UPDATE NC_P_LOCATION_T             SET                 REGDATE = ?,                 BUILDING_ID = ?,                 BATT = ?,                 X = ?,                 Y = ?,                 Z = ?,                 TEMP = NULL             WHERE 1=1             AND DKEY = ?             AND BUILDING_ID = ?                        UPDATE NC_P_LOCATION_T             SET                 REGDATE = ?,                 BUILDING_ID = ?,                 BATT = ?,                 X = ?,                 Y = ?,                 Z = ?,                 TEMP = NULL             WHERE 1=1             AND DKEY = ?             AND BUILDING_ID = ?                        UPDATE NC_P_LOCATION_T             SET                 REGDATE = ?,                 BUILDING_ID = ?,                 BATT = ?,                 X = ?,                 Y = ?,                 Z = ?,                 TEMP = NULL             WHERE 1=1             AND DKEY = ?             AND BUILDING_ID = ?                        UPDATE NC_P_LOCATION_T             SET                 REGDATE = ?,                 BUILDING_ID = ?,                 BATT = ?,                 X = ?,                 Y = ?,                 Z = ?,                 TEMP = NULL             WHERE 1=1             AND DKEY = ?             AND BUILDING_ID = ?                        UPDATE NC_P_LOCATION_T             SET                 REGDATE = ?,                 BUILDING_ID = ?,                 BATT = ?,                 X = ?,                 Y = ?,                 Z = ?,                 TEMP = NULL             WHERE 1=1             AND DKEY = ?             AND BUILDING_ID = ?                        UPDATE NC_P_LOCATION_T             SET                 REGDATE = ?,                 BUILDING_ID = ?,                 BATT = ?,                 X = ?,                 Y = ?,                 Z = ?,                 TEMP = NULL             WHERE 1=1             AND DKEY = ?             AND BUILDING_ID = ?                        UPDATE NC_P_LOCATION_T             SET                 REGDATE = ?,                 BUILDING_ID = ?,                 BATT = ?,                 X = ?,                 Y = ?,                 Z = ?,                 TEMP = NULL             WHERE 1=1             AND DKEY = ?             AND BUILDING_ID = ?
### Cause: java.sql.SQLSyntaxErrorException: You have an error in your SQL syntax; check the manual that corresponds to your MariaDB server version for the right syntax to use near 'UPDATE NC_P_LOCATION_T
            SET
                REGDATE = '20240729191...' at line 14
; bad SQL grammar []
ERROR [24-07-29 19:16:29] - I/O error on POST request for "http://192.168.10.225:8001/locationDataReceiver": Connection refused
ERROR [24-07-29 19:17:10] - null
ERROR [24-07-29 19:17:10] - null
ERROR [24-07-29 19:17:10] - I/O error on POST request for "http://192.168.10.225:8001/locationDataReceiver": Connection refused
ERROR [24-07-29 19:17:10] - I/O error on POST request for "http://192.168.10.225:8001/locationDataReceiver": Connection refused
ERROR [24-07-29 19:18:25] - 
### Error updating database.  Cause: java.sql.SQLSyntaxErrorException: You have an error in your SQL syntax; check the manual that corresponds to your MariaDB server version for the right syntax to use near 'UPDATE NC_P_LOCATION_T
            SET REGDATE = '20240729191825', BUILDING_I...' at line 7
### The error may exist in file [/Users/mabin/Documents/WorkSpace/Real/TagLocationAndGWCollector/build/resources/main/sql/location/location.xml]
### The error may involve kr.co.nextcore.taglocationandgwcollector.location.LocationMapper.updateCurrLocationData-Inline
### The error occurred while setting parameters
### SQL: UPDATE NC_P_LOCATION_T             SET REGDATE = ?, BUILDING_ID = ?, BATT = ?, X = ?, Y = ?, Z = ?, TEMP = NULL             WHERE 1=1             AND DKEY = ?             AND BUILDING_ID = ?                        UPDATE NC_P_LOCATION_T             SET REGDATE = ?, BUILDING_ID = ?, BATT = ?, X = ?, Y = ?, Z = ?, TEMP = NULL             WHERE 1=1             AND DKEY = ?             AND BUILDING_ID = ?                        UPDATE NC_P_LOCATION_T             SET REGDATE = ?, BUILDING_ID = ?, BATT = ?, X = ?, Y = ?, Z = ?, TEMP = NULL             WHERE 1=1             AND DKEY = ?             AND BUILDING_ID = ?                        UPDATE NC_P_LOCATION_T             SET REGDATE = ?, BUILDING_ID = ?, BATT = ?, X = ?, Y = ?, Z = ?, TEMP = NULL             WHERE 1=1             AND DKEY = ?             AND BUILDING_ID = ?                        UPDATE NC_P_LOCATION_T             SET REGDATE = ?, BUILDING_ID = ?, BATT = ?, X = ?, Y = ?, Z = ?, TEMP = NULL             WHERE 1=1             AND DKEY = ?             AND BUILDING_ID = ?                        UPDATE NC_P_LOCATION_T             SET REGDATE = ?, BUILDING_ID = ?, BATT = ?, X = ?, Y = ?, Z = ?, TEMP = NULL             WHERE 1=1             AND DKEY = ?             AND BUILDING_ID = ?                        UPDATE NC_P_LOCATION_T             SET REGDATE = ?, BUILDING_ID = ?, BATT = ?, X = ?, Y = ?, Z = ?, TEMP = NULL             WHERE 1=1             AND DKEY = ?             AND BUILDING_ID = ?                        UPDATE NC_P_LOCATION_T             SET REGDATE = ?, BUILDING_ID = ?, BATT = ?, X = ?, Y = ?, Z = ?, TEMP = NULL             WHERE 1=1             AND DKEY = ?             AND BUILDING_ID = ?                        UPDATE NC_P_LOCATION_T             SET REGDATE = ?, BUILDING_ID = ?, BATT = ?, X = ?, Y = ?, Z = ?, TEMP = NULL             WHERE 1=1             AND DKEY = ?             AND BUILDING_ID = ?                        UPDATE NC_P_LOCATION_T             SET REGDATE = ?, BUILDING_ID = ?, BATT = ?, X = ?, Y = ?, Z = ?, TEMP = NULL             WHERE 1=1             AND DKEY = ?             AND BUILDING_ID = ?
### Cause: java.sql.SQLSyntaxErrorException: You have an error in your SQL syntax; check the manual that corresponds to your MariaDB server version for the right syntax to use near 'UPDATE NC_P_LOCATION_T
            SET REGDATE = '20240729191825', BUILDING_I...' at line 7
; bad SQL grammar []
ERROR [24-07-29 19:18:25] - 
### Error updating database.  Cause: java.sql.SQLSyntaxErrorException: You have an error in your SQL syntax; check the manual that corresponds to your MariaDB server version for the right syntax to use near 'UPDATE NC_P_LOCATION_T
            SET REGDATE = '20240729191825', BUILDING_I...' at line 7
### The error may exist in file [/Users/mabin/Documents/WorkSpace/Real/TagLocationAndGWCollector/build/resources/main/sql/location/location.xml]
### The error may involve kr.co.nextcore.taglocationandgwcollector.location.LocationMapper.updateCurrLocationData-Inline
### The error occurred while setting parameters
### SQL: UPDATE NC_P_LOCATION_T             SET REGDATE = ?, BUILDING_ID = ?, BATT = ?, X = ?, Y = ?, Z = ?, TEMP = NULL             WHERE 1=1             AND DKEY = ?             AND BUILDING_ID = ?                        UPDATE NC_P_LOCATION_T             SET REGDATE = ?, BUILDING_ID = ?, BATT = ?, X = ?, Y = ?, Z = ?, TEMP = NULL             WHERE 1=1             AND DKEY = ?             AND BUILDING_ID = ?                        UPDATE NC_P_LOCATION_T             SET REGDATE = ?, BUILDING_ID = ?, BATT = ?, X = ?, Y = ?, Z = ?, TEMP = NULL             WHERE 1=1             AND DKEY = ?             AND BUILDING_ID = ?                        UPDATE NC_P_LOCATION_T             SET REGDATE = ?, BUILDING_ID = ?, BATT = ?, X = ?, Y = ?, Z = ?, TEMP = NULL             WHERE 1=1             AND DKEY = ?             AND BUILDING_ID = ?                        UPDATE NC_P_LOCATION_T             SET REGDATE = ?, BUILDING_ID = ?, BATT = ?, X = ?, Y = ?, Z = ?, TEMP = NULL             WHERE 1=1             AND DKEY = ?             AND BUILDING_ID = ?                        UPDATE NC_P_LOCATION_T             SET REGDATE = ?, BUILDING_ID = ?, BATT = ?, X = ?, Y = ?, Z = ?, TEMP = NULL             WHERE 1=1             AND DKEY = ?             AND BUILDING_ID = ?                        UPDATE NC_P_LOCATION_T             SET REGDATE = ?, BUILDING_ID = ?, BATT = ?, X = ?, Y = ?, Z = ?, TEMP = NULL             WHERE 1=1             AND DKEY = ?             AND BUILDING_ID = ?                        UPDATE NC_P_LOCATION_T             SET REGDATE = ?, BUILDING_ID = ?, BATT = ?, X = ?, Y = ?, Z = ?, TEMP = NULL             WHERE 1=1             AND DKEY = ?             AND BUILDING_ID = ?                        UPDATE NC_P_LOCATION_T             SET REGDATE = ?, BUILDING_ID = ?, BATT = ?, X = ?, Y = ?, Z = ?, TEMP = NULL             WHERE 1=1             AND DKEY = ?             AND BUILDING_ID = ?                        UPDATE NC_P_LOCATION_T             SET REGDATE = ?, BUILDING_ID = ?, BATT = ?, X = ?, Y = ?, Z = ?, TEMP = NULL             WHERE 1=1             AND DKEY = ?             AND BUILDING_ID = ?
### Cause: java.sql.SQLSyntaxErrorException: You have an error in your SQL syntax; check the manual that corresponds to your MariaDB server version for the right syntax to use near 'UPDATE NC_P_LOCATION_T
            SET REGDATE = '20240729191825', BUILDING_I...' at line 7
; bad SQL grammar []
ERROR [24-07-29 19:18:25] - I/O error on POST request for "http://192.168.10.225:8001/locationDataReceiver": Connection refused
ERROR [24-07-29 19:18:25] - I/O error on POST request for "http://192.168.10.225:8001/locationDataReceiver": Connection refused
ERROR [24-07-29 19:22:13] - 
### Error updating database.  Cause: java.sql.SQLSyntaxErrorException: You have an error in your SQL syntax; check the manual that corresponds to your MariaDB server version for the right syntax to use near 'UPDATE NC_P_LOCATION_T
            SET
                REGDATE = '20240729192...' at line 14
### The error may exist in file [/Users/mabin/Documents/WorkSpace/Real/TagLocationAndGWCollector/build/resources/main/sql/location/location.xml]
### The error may involve kr.co.nextcore.taglocationandgwcollector.location.LocationMapper.updateCurrLocationData-Inline
### The error occurred while setting parameters
### SQL: UPDATE NC_P_LOCATION_T             SET                 REGDATE = ?,                 BUILDING_ID = ?,                 BATT = ?,                 X = ?,                 Y = ?,                 Z = ?,                 TEMP = NULL             WHERE 1=1             AND DKEY = ?             AND BUILDING_ID = ?                        UPDATE NC_P_LOCATION_T             SET                 REGDATE = ?,                 BUILDING_ID = ?,                 BATT = ?,                 X = ?,                 Y = ?,                 Z = ?,                 TEMP = NULL             WHERE 1=1             AND DKEY = ?             AND BUILDING_ID = ?                        UPDATE NC_P_LOCATION_T             SET                 REGDATE = ?,                 BUILDING_ID = ?,                 BATT = ?,                 X = ?,                 Y = ?,                 Z = ?,                 TEMP = NULL             WHERE 1=1             AND DKEY = ?             AND BUILDING_ID = ?                        UPDATE NC_P_LOCATION_T             SET                 REGDATE = ?,                 BUILDING_ID = ?,                 BATT = ?,                 X = ?,                 Y = ?,                 Z = ?,                 TEMP = NULL             WHERE 1=1             AND DKEY = ?             AND BUILDING_ID = ?                        UPDATE NC_P_LOCATION_T             SET                 REGDATE = ?,                 BUILDING_ID = ?,                 BATT = ?,                 X = ?,                 Y = ?,                 Z = ?,                 TEMP = NULL             WHERE 1=1             AND DKEY = ?             AND BUILDING_ID = ?                        UPDATE NC_P_LOCATION_T             SET                 REGDATE = ?,                 BUILDING_ID = ?,                 BATT = ?,                 X = ?,                 Y = ?,                 Z = ?,                 TEMP = NULL             WHERE 1=1             AND DKEY = ?             AND BUILDING_ID = ?                        UPDATE NC_P_LOCATION_T             SET                 REGDATE = ?,                 BUILDING_ID = ?,                 BATT = ?,                 X = ?,                 Y = ?,                 Z = ?,                 TEMP = NULL             WHERE 1=1             AND DKEY = ?             AND BUILDING_ID = ?                        UPDATE NC_P_LOCATION_T             SET                 REGDATE = ?,                 BUILDING_ID = ?,                 BATT = ?,                 X = ?,                 Y = ?,                 Z = ?,                 TEMP = NULL             WHERE 1=1             AND DKEY = ?             AND BUILDING_ID = ?                        UPDATE NC_P_LOCATION_T             SET                 REGDATE = ?,                 BUILDING_ID = ?,                 BATT = ?,                 X = ?,                 Y = ?,                 Z = ?,                 TEMP = NULL             WHERE 1=1             AND DKEY = ?             AND BUILDING_ID = ?                        UPDATE NC_P_LOCATION_T             SET                 REGDATE = ?,                 BUILDING_ID = ?,                 BATT = ?,                 X = ?,                 Y = ?,                 Z = ?,                 TEMP = NULL             WHERE 1=1             AND DKEY = ?             AND BUILDING_ID = ?
### Cause: java.sql.SQLSyntaxErrorException: You have an error in your SQL syntax; check the manual that corresponds to your MariaDB server version for the right syntax to use near 'UPDATE NC_P_LOCATION_T
            SET
                REGDATE = '20240729192...' at line 14
; bad SQL grammar []
ERROR [24-07-29 19:22:13] - I/O error on POST request for "http://192.168.10.225:8001/locationDataReceiver": Connection refused
ERROR [24-07-29 19:23:44] - 
### Error updating database.  Cause: java.sql.SQLSyntaxErrorException: You have an error in your SQL syntax; check the manual that corresponds to your MariaDB server version for the right syntax to use near 'WHERE 1=1
            AND DKEY = 'Tag_00000001'
            AND BUILDING_ID =...' at line 5
### The error may exist in file [/Users/mabin/Documents/WorkSpace/Real/TagLocationAndGWCollector/build/resources/main/sql/location/location.xml]
### The error may involve kr.co.nextcore.taglocationandgwcollector.location.LocationMapper.updateCurrLocationData-Inline
### The error occurred while setting parameters
### SQL: UPDATE NC_P_LOCATION_T             SET                 REGDATE = ?,                 BATT = ?,             WHERE 1=1             AND DKEY = ?             AND BUILDING_ID = ?                        UPDATE NC_P_LOCATION_T             SET                 REGDATE = ?,                 BATT = ?,             WHERE 1=1             AND DKEY = ?             AND BUILDING_ID = ?                        UPDATE NC_P_LOCATION_T             SET                 REGDATE = ?,                 BATT = ?,             WHERE 1=1             AND DKEY = ?             AND BUILDING_ID = ?                        UPDATE NC_P_LOCATION_T             SET                 REGDATE = ?,                 BATT = ?,             WHERE 1=1             AND DKEY = ?             AND BUILDING_ID = ?                        UPDATE NC_P_LOCATION_T             SET                 REGDATE = ?,                 BATT = ?,             WHERE 1=1             AND DKEY = ?             AND BUILDING_ID = ?                        UPDATE NC_P_LOCATION_T             SET                 REGDATE = ?,                 BATT = ?,             WHERE 1=1             AND DKEY = ?             AND BUILDING_ID = ?                        UPDATE NC_P_LOCATION_T             SET                 REGDATE = ?,                 BATT = ?,             WHERE 1=1             AND DKEY = ?             AND BUILDING_ID = ?                        UPDATE NC_P_LOCATION_T             SET                 REGDATE = ?,                 BATT = ?,             WHERE 1=1             AND DKEY = ?             AND BUILDING_ID = ?                        UPDATE NC_P_LOCATION_T             SET                 REGDATE = ?,                 BATT = ?,             WHERE 1=1             AND DKEY = ?             AND BUILDING_ID = ?                        UPDATE NC_P_LOCATION_T             SET                 REGDATE = ?,                 BATT = ?,             WHERE 1=1             AND DKEY = ?             AND BUILDING_ID = ?
### Cause: java.sql.SQLSyntaxErrorException: You have an error in your SQL syntax; check the manual that corresponds to your MariaDB server version for the right syntax to use near 'WHERE 1=1
            AND DKEY = 'Tag_00000001'
            AND BUILDING_ID =...' at line 5
; bad SQL grammar []
ERROR [24-07-29 19:23:44] - I/O error on POST request for "http://192.168.10.225:8001/locationDataReceiver": Connection refused
ERROR [24-07-29 19:24:38] - 
### Error updating database.  Cause: java.sql.SQLSyntaxErrorException: You have an error in your SQL syntax; check the manual that corresponds to your MariaDB server version for the right syntax to use near 'WHERE 1=1
                      AND DKEY = 'Tag_00000001'
                   ...' at line 5
### The error may exist in file [/Users/mabin/Documents/WorkSpace/Real/TagLocationAndGWCollector/build/resources/main/sql/location/location.xml]
### The error may involve kr.co.nextcore.taglocationandgwcollector.location.LocationMapper.updateCurrLocationData-Inline
### The error occurred while setting parameters
### SQL: UPDATE NC_P_LOCATION_T             SET                 REGDATE = ?,                 BATT = ?,             WHERE 1=1                       AND DKEY = ?                       AND BUILDING_ID = ?                        UPDATE NC_P_LOCATION_T             SET                 REGDATE = ?,                 BATT = ?,             WHERE 1=1                       AND DKEY = ?                       AND BUILDING_ID = ?                        UPDATE NC_P_LOCATION_T             SET                 REGDATE = ?,                 BATT = ?,             WHERE 1=1                       AND DKEY = ?                       AND BUILDING_ID = ?                        UPDATE NC_P_LOCATION_T             SET                 REGDATE = ?,                 BATT = ?,             WHERE 1=1                       AND DKEY = ?                       AND BUILDING_ID = ?                        UPDATE NC_P_LOCATION_T             SET                 REGDATE = ?,                 BATT = ?,             WHERE 1=1                       AND DKEY = ?                       AND BUILDING_ID = ?                        UPDATE NC_P_LOCATION_T             SET                 REGDATE = ?,                 BATT = ?,             WHERE 1=1                       AND DKEY = ?                       AND BUILDING_ID = ?                        UPDATE NC_P_LOCATION_T             SET                 REGDATE = ?,                 BATT = ?,             WHERE 1=1                       AND DKEY = ?                       AND BUILDING_ID = ?                        UPDATE NC_P_LOCATION_T             SET                 REGDATE = ?,                 BATT = ?,             WHERE 1=1                       AND DKEY = ?                       AND BUILDING_ID = ?                        UPDATE NC_P_LOCATION_T             SET                 REGDATE = ?,                 BATT = ?,             WHERE 1=1                       AND DKEY = ?                       AND BUILDING_ID = ?                        UPDATE NC_P_LOCATION_T             SET                 REGDATE = ?,                 BATT = ?,             WHERE 1=1                       AND DKEY = ?                       AND BUILDING_ID = ?
### Cause: java.sql.SQLSyntaxErrorException: You have an error in your SQL syntax; check the manual that corresponds to your MariaDB server version for the right syntax to use near 'WHERE 1=1
                      AND DKEY = 'Tag_00000001'
                   ...' at line 5
; bad SQL grammar []
ERROR [24-07-29 19:24:38] - I/O error on POST request for "http://192.168.10.225:8001/locationDataReceiver": Connection refused
ERROR [24-07-29 19:25:55] - 
### Error updating database.  Cause: java.sql.SQLSyntaxErrorException: You have an error in your SQL syntax; check the manual that corresponds to your MariaDB server version for the right syntax to use near 'WHERE 1=1
                AND DKEY = 'Tag_00000001'
                AND BUILD...' at line 5
### The error may exist in file [/Users/mabin/Documents/WorkSpace/Real/TagLocationAndGWCollector/build/resources/main/sql/location/location.xml]
### The error may involve kr.co.nextcore.taglocationandgwcollector.location.LocationMapper.updateCurrLocationData-Inline
### The error occurred while setting parameters
### SQL: UPDATE NC_P_LOCATION_T             SET                 REGDATE = ?,                 BATT = ?,             WHERE 1=1                 AND DKEY = ?                 AND BUILDING_ID = ?          ;              UPDATE NC_P_LOCATION_T             SET                 REGDATE = ?,                 BATT = ?,             WHERE 1=1                 AND DKEY = ?                 AND BUILDING_ID = ?          ;              UPDATE NC_P_LOCATION_T             SET                 REGDATE = ?,                 BATT = ?,             WHERE 1=1                 AND DKEY = ?                 AND BUILDING_ID = ?          ;              UPDATE NC_P_LOCATION_T             SET                 REGDATE = ?,                 BATT = ?,             WHERE 1=1                 AND DKEY = ?                 AND BUILDING_ID = ?          ;              UPDATE NC_P_LOCATION_T             SET                 REGDATE = ?,                 BATT = ?,             WHERE 1=1                 AND DKEY = ?                 AND BUILDING_ID = ?          ;              UPDATE NC_P_LOCATION_T             SET                 REGDATE = ?,                 BATT = ?,             WHERE 1=1                 AND DKEY = ?                 AND BUILDING_ID = ?          ;              UPDATE NC_P_LOCATION_T             SET                 REGDATE = ?,                 BATT = ?,             WHERE 1=1                 AND DKEY = ?                 AND BUILDING_ID = ?          ;              UPDATE NC_P_LOCATION_T             SET                 REGDATE = ?,                 BATT = ?,             WHERE 1=1                 AND DKEY = ?                 AND BUILDING_ID = ?          ;              UPDATE NC_P_LOCATION_T             SET                 REGDATE = ?,                 BATT = ?,             WHERE 1=1                 AND DKEY = ?                 AND BUILDING_ID = ?          ;              UPDATE NC_P_LOCATION_T             SET                 REGDATE = ?,                 BATT = ?,             WHERE 1=1                 AND DKEY = ?                 AND BUILDING_ID = ?
### Cause: java.sql.SQLSyntaxErrorException: You have an error in your SQL syntax; check the manual that corresponds to your MariaDB server version for the right syntax to use near 'WHERE 1=1
                AND DKEY = 'Tag_00000001'
                AND BUILD...' at line 5
; bad SQL grammar []
ERROR [24-07-29 19:25:55] - 
### Error updating database.  Cause: java.sql.SQLSyntaxErrorException: You have an error in your SQL syntax; check the manual that corresponds to your MariaDB server version for the right syntax to use near 'WHERE 1=1
                AND DKEY = 'Tag_00000001'
                AND BUILD...' at line 5
### The error may exist in file [/Users/mabin/Documents/WorkSpace/Real/TagLocationAndGWCollector/build/resources/main/sql/location/location.xml]
### The error may involve kr.co.nextcore.taglocationandgwcollector.location.LocationMapper.updateCurrLocationData-Inline
### The error occurred while setting parameters
### SQL: UPDATE NC_P_LOCATION_T             SET                 REGDATE = ?,                 BATT = ?,             WHERE 1=1                 AND DKEY = ?                 AND BUILDING_ID = ?          ;              UPDATE NC_P_LOCATION_T             SET                 REGDATE = ?,                 BATT = ?,             WHERE 1=1                 AND DKEY = ?                 AND BUILDING_ID = ?          ;              UPDATE NC_P_LOCATION_T             SET                 REGDATE = ?,                 BATT = ?,             WHERE 1=1                 AND DKEY = ?                 AND BUILDING_ID = ?          ;              UPDATE NC_P_LOCATION_T             SET                 REGDATE = ?,                 BATT = ?,             WHERE 1=1                 AND DKEY = ?                 AND BUILDING_ID = ?          ;              UPDATE NC_P_LOCATION_T             SET                 REGDATE = ?,                 BATT = ?,             WHERE 1=1                 AND DKEY = ?                 AND BUILDING_ID = ?          ;              UPDATE NC_P_LOCATION_T             SET                 REGDATE = ?,                 BATT = ?,             WHERE 1=1                 AND DKEY = ?                 AND BUILDING_ID = ?          ;              UPDATE NC_P_LOCATION_T             SET                 REGDATE = ?,                 BATT = ?,             WHERE 1=1                 AND DKEY = ?                 AND BUILDING_ID = ?          ;              UPDATE NC_P_LOCATION_T             SET                 REGDATE = ?,                 BATT = ?,             WHERE 1=1                 AND DKEY = ?                 AND BUILDING_ID = ?          ;              UPDATE NC_P_LOCATION_T             SET                 REGDATE = ?,                 BATT = ?,             WHERE 1=1                 AND DKEY = ?                 AND BUILDING_ID = ?          ;              UPDATE NC_P_LOCATION_T             SET                 REGDATE = ?,                 BATT = ?,             WHERE 1=1                 AND DKEY = ?                 AND BUILDING_ID = ?
### Cause: java.sql.SQLSyntaxErrorException: You have an error in your SQL syntax; check the manual that corresponds to your MariaDB server version for the right syntax to use near 'WHERE 1=1
                AND DKEY = 'Tag_00000001'
                AND BUILD...' at line 5
; bad SQL grammar []
ERROR [24-07-29 19:25:55] - I/O error on POST request for "http://192.168.10.225:8001/locationDataReceiver": Connection refused
ERROR [24-07-29 19:25:55] - I/O error on POST request for "http://192.168.10.225:8001/locationDataReceiver": Connection refused
ERROR [24-07-29 19:31:07] - I/O error on POST request for "http://192.168.10.225:8001/locationDataReceiver": Connection refused
ERROR [24-07-29 19:32:06] - 'userLocations' Data is NULL or Empty -> continue
ERROR [24-07-29 19:32:32] - I/O error on POST request for "http://192.168.10.225:8001/locationDataReceiver": Connection refused
ERROR [24-07-29 19:32:53] - I/O error on POST request for "http://192.168.10.225:8001/locationDataReceiver": Connection refused
ERROR [24-07-29 19:33:18] - I/O error on POST request for "http://192.168.10.225:8001/locationDataReceiver": Connection refused
ERROR [24-07-29 19:35:50] - I/O error on POST request for "http://192.168.10.119:8001/locationDataReceiver": Connection refused
ERROR [24-07-29 19:35:55] - I/O error on POST request for "http://192.168.10.119:8001/locationDataReceiver": Connection refused
ERROR [24-07-29 19:36:00] - I/O error on POST request for "http://192.168.10.119:8001/locationDataReceiver": Connection refused
ERROR [24-07-29 19:36:05] - I/O error on POST request for "http://192.168.10.119:8001/locationDataReceiver": Connection refused
ERROR [24-07-29 19:36:10] - I/O error on POST request for "http://192.168.10.119:8001/locationDataReceiver": Connection refused
ERROR [24-07-29 19:36:15] - I/O error on POST request for "http://192.168.10.119:8001/locationDataReceiver": Connection refused
ERROR [24-07-29 19:36:20] - I/O error on POST request for "http://192.168.10.119:8001/locationDataReceiver": Connection refused
ERROR [24-07-29 19:36:25] - 404 : "<!doctype html><html lang="ko"><head><title>HTTP  404    </title><style type="text/css">body {font-family:Tahoma,Arial,sans-serif;} h1, h2, h3, b {color:white;background-color:#525D76;} h1 {font-size:22px;} h2 {font-size:16px;} h3 {font-size:14px;} p {font-size:12px;} a {color:black;} .line {height:1px;background-color:#525D76;border:none;}</style></head><body><h1>HTTP  404    </h1><hr class="line" /><p><b></b>  </p><p><b></b> Origin      representation  ,     .</p><hr class="line" /><h3>Apache Tomcat/9.0.86</h3></body></html>"
ERROR [24-07-29 19:36:30] - 404 : "<!doctype html><html lang="ko"><head><title>HTTP  404    </title><style type="text/css">body {font-family:Tahoma,Arial,sans-serif;} h1, h2, h3, b {color:white;background-color:#525D76;} h1 {font-size:22px;} h2 {font-size:16px;} h3 {font-size:14px;} p {font-size:12px;} a {color:black;} .line {height:1px;background-color:#525D76;border:none;}</style></head><body><h1>HTTP  404    </h1><hr class="line" /><p><b></b>  </p><p><b></b> Origin      representation  ,     .</p><hr class="line" /><h3>Apache Tomcat/9.0.86</h3></body></html>"
ERROR [24-07-29 22:03:35] - 'userLocations' Data is NULL or Empty -> continue
ERROR [24-07-29 22:03:35] - 'userLocations' Data is NULL or Empty -> continue
ERROR [24-07-29 22:05:24] - I/O error on POST request for "http://192.168.10.119:8001/locationDataReceiver": Operation timed out
ERROR [24-07-29 22:05:25] - I/O error on POST request for "http://192.168.10.119:8001/locationDataReceiver": Operation timed out
ERROR [24-07-29 22:19:30] - 
### Error updating database.  Cause: java.sql.SQLSyntaxErrorException: You have an error in your SQL syntax; check the manual that corresponds to your MariaDB server version for the right syntax to use near 'UPDATE NC_P_GATEWAY_T
            SET
                GW_BATT = 100.0,
      ...' at line 8
### The error may exist in file [/Users/mabin/Documents/WorkSpace/Real/TagLocationAndGWCollector/build/resources/main/sql/gateway/gateway.xml]
### The error may involve kr.co.nextcore.taglocationandgwcollector.gateway.GatewayMapper.updateCurrGatewayData-Inline
### The error occurred while setting parameters
### SQL: UPDATE NC_P_GATEWAY_T             SET                 GW_BATT = ?,                 REGDATE = ?             WHERE 1=1                 AND DKEY = ?                        UPDATE NC_P_GATEWAY_T             SET                 GW_BATT = ?,                 REGDATE = ?             WHERE 1=1                 AND DKEY = ?                        UPDATE NC_P_GATEWAY_T             SET                 GW_BATT = ?,                 REGDATE = ?             WHERE 1=1                 AND DKEY = ?                        UPDATE NC_P_GATEWAY_T             SET                 GW_BATT = ?,                 REGDATE = ?             WHERE 1=1                 AND DKEY = ?                        UPDATE NC_P_GATEWAY_T             SET                 GW_BATT = ?,                 REGDATE = ?             WHERE 1=1                 AND DKEY = ?                        UPDATE NC_P_GATEWAY_T             SET                 GW_BATT = ?,                 REGDATE = ?             WHERE 1=1                 AND DKEY = ?                        UPDATE NC_P_GATEWAY_T             SET                 GW_BATT = ?,                 REGDATE = ?             WHERE 1=1                 AND DKEY = ?                        UPDATE NC_P_GATEWAY_T             SET                 GW_BATT = ?,                 REGDATE = ?             WHERE 1=1                 AND DKEY = ?                        UPDATE NC_P_GATEWAY_T             SET                 GW_BATT = ?,                 REGDATE = ?             WHERE 1=1                 AND DKEY = ?                        UPDATE NC_P_GATEWAY_T             SET                 GW_BATT = ?,                 REGDATE = ?             WHERE 1=1                 AND DKEY = ?                        UPDATE NC_P_GATEWAY_T             SET                 GW_BATT = ?,                 REGDATE = ?             WHERE 1=1                 AND DKEY = ?                        UPDATE NC_P_GATEWAY_T             SET                 GW_BATT = ?,                 REGDATE = ?             WHERE 1=1                 AND DKEY = ?                        UPDATE NC_P_GATEWAY_T             SET                 GW_BATT = ?,                 REGDATE = ?             WHERE 1=1                 AND DKEY = ?                        UPDATE NC_P_GATEWAY_T             SET                 GW_BATT = ?,                 REGDATE = ?             WHERE 1=1                 AND DKEY = ?                        UPDATE NC_P_GATEWAY_T             SET                 GW_BATT = ?,                 REGDATE = ?             WHERE 1=1                 AND DKEY = ?
### Cause: java.sql.SQLSyntaxErrorException: You have an error in your SQL syntax; check the manual that corresponds to your MariaDB server version for the right syntax to use near 'UPDATE NC_P_GATEWAY_T
            SET
                GW_BATT = 100.0,
      ...' at line 8
; bad SQL grammar []
